<?xml version="1.0" encoding="utf-8"?><testsuites name="pytest tests"><testsuite name="pytest" errors="0" failures="0" skipped="0" tests="7" time="2.112" timestamp="2026-07-31T18:46:02.416673+00:00" hostname="agent-env-868fd53e-1f85-41aa-80f4-13c6ad7575b7"><testcase classname="tests.test_account_delete_block.TestDeleteAccount" name="test_delete_me_then_relogin_fails" time="1.087" /><testcase classname="tests.test_account_delete_block.TestBlockUser" name="test_block_self_returns_400" time="1.030" /><testcase classname="tests.test_account_delete_block.TestBlockUser" name="test_block_peer" time="0.387" /><testcase classname="tests.test_account_delete_block.TestDeleteAccount" name="test_admin_still_exists" time="0.436" /><testcase classname="tests.test_account_delete_block.TestBlockUser" name="test_blocked_list_contains_peer" time="0.137" /><testcase classname="tests.test_account_delete_block.TestReports" name="test_create_report_user" time="0.112" /><testcase classname="tests.test_account_delete_block.TestBlockUser" name="test_unblock_peer" time="0.252" /></testsuite></testsuites>