<?xml version="1.0" encoding="utf-8"?><testsuites name="pytest tests"><testsuite name="pytest" errors="0" failures="0" skipped="0" tests="30" time="5.648" timestamp="2026-08-05T10:48:15.960916+00:00" hostname="agent-env-868fd53e-1f85-41aa-80f4-13c6ad7575b7"><testcase classname="tests.test_ambassadors_p1.TestPublicResolve" name="test_resolve_by_code" time="0.124" /><testcase classname="tests.test_ambassadors_p1.TestPublicResolve" name="test_resolve_by_slug" time="0.125" /><testcase classname="tests.test_ambassadors_p1.TestPublicResolve" name="test_resolve_invalid" time="0.133" /><testcase classname="tests.test_ambassadors_p1.TestSelfEndpoints" name="test_me_not_ambassador" time="0.439" /><testcase classname="tests.test_ambassadors_p1.TestPublicResolve" name="test_public_invite_meta_valid" time="0.099" /><testcase classname="tests.test_ambassadors_p1.TestPublicResolve" name="test_public_invite_meta_invalid_returns_200_valid_false" time="0.104" /><testcase classname="tests.test_ambassadors_p1.TestSelfEndpoints" name="test_me_full_profile" time="0.418" /><testcase classname="tests.test_ambassadors_p1.TestSelfEndpoints" name="test_me_referrals" time="0.099" /><testcase classname="tests.test_ambassadors_p1.TestAdminToggle" name="test_toggle_forbidden_for_non_admin" time="0.431" /><testcase classname="tests.test_ambassadors_p1.TestSelfEndpoints" name="test_me_commissions" time="0.139" /><testcase classname="tests.test_ambassadors_p1.TestSelfEndpoints" name="test_referrals_forbidden_for_non_ambassador" time="0.095" /><testcase classname="tests.test_ambassadors_p1.TestSelfEndpoints" name="test_commissions_forbidden_for_non_ambassador" time="0.102" /><testcase classname="tests.test_ambassadors_p1.TestAdminToggle" name="test_toggle_404_unknown_user" time="0.417" /><testcase classname="tests.test_ambassadors_p1.TestAdminToggle" name="test_toggle_activate_and_reactivate_client" time="0.249" /><testcase classname="tests.test_ambassadors_p1.TestRegisterAndAttach" name="test_register_with_valid_referral_code_creates_pending_referral" time="1.662" /><testcase classname="tests.test_ambassadors_p1.TestAdminToggle" name="test_toggle_deactivate_then_reactivate" time="0.412" /><testcase classname="tests.test_ambassadors_p1.TestCommissionUpdate" name="test_mark_commission_paid" time="0.708" /><testcase classname="tests.test_ambassadors_p1.TestCommissionUpdate" name="test_invalid_status" time="0.107" /><testcase classname="tests.test_ambassadors_p1.TestCommissionUpdate" name="test_not_found" time="0.097" /><testcase classname="tests.test_ambassadors_p1.TestRegisterAndAttach" name="test_register_with_invalid_referral_code_does_not_break" time="0.483" /><testcase classname="tests.test_ambassadors_p1.TestHooks" name="test_kyc_hook_marks_kyc_verified_at" time="0.165" /><testcase classname="tests.test_ambassadors_p1.TestHooks" name="test_kyc_hook_prestataire_without_booking_stays_pending" time="0.005" /><testcase classname="tests.test_ambassadors_p1.TestHooks" name="test_booking_complete_hook_creates_commission_and_verifies_client" time="0.010" /><testcase classname="tests.test_ambassadors_p1.TestAdminConfig" name="test_get_config_admin_only" time="0.231" /><testcase classname="tests.test_ambassadors_p1.TestAdminConfig" name="test_put_config_admin_only" time="0.461" /><testcase classname="tests.test_ambassadors_p1.TestRegisterAndAttach" name="test_self_referral_blocked_via_attach" time="0.268" /><testcase classname="tests.test_ambassadors_p1.TestRegisterAndAttach" name="test_attach_idempotent" time="0.946" /><testcase classname="tests.test_ambassadors_p1.TestAdminList" name="test_list_admin_only" time="0.518" /><testcase classname="tests.test_ambassadors_p1.TestLeaderboard" name="test_public_no_auth" time="0.100" /><testcase classname="tests.test_ambassadors_p1.TestRateLimit" name="test_rate_limit_enforced" time="0.165" /></testsuite></testsuites>