<?xml version="1.0" encoding="utf-8"?><testsuites name="pytest tests"><testsuite name="pytest" errors="0" failures="0" skipped="1" tests="65" time="7.619" timestamp="2026-08-05T12:19:08.227878+00:00" hostname="agent-env-868fd53e-1f85-41aa-80f4-13c6ad7575b7"><testcase classname="tests.test_ambassadors_p2.TestAdminListNewFormat" name="test_new_format_total_items" time="0.235" /><testcase classname="tests.test_ambassadors_p2.TestAdminListNewFormat" name="test_search_q_by_name" time="0.005" /><testcase classname="tests.test_ambassadors_p2.TestAdminListNewFormat" name="test_search_q_by_code" time="0.004" /><testcase classname="tests.test_ambassadors_p2.TestAdminListNewFormat" name="test_search_q_by_slug" time="0.005" /><testcase classname="tests.test_ambassadors_p2.TestAdminListNewFormat" name="test_search_q_no_match" time="0.004" /><testcase classname="tests.test_ambassadors_p2.TestAdminListNewFormat" name="test_filter_active_true" time="0.004" /><testcase classname="tests.test_ambassadors_p2.TestAdminListNewFormat" name="test_pagination" time="0.004" /><testcase classname="tests.test_ambassadors_p1.TestPublicResolve" name="test_resolve_by_code" time="0.114" /><testcase classname="tests.test_ambassadors_p1.TestPublicResolve" name="test_resolve_by_slug" time="0.133" /><testcase classname="tests.test_ambassadors_p1.TestSelfEndpoints" name="test_me_not_ambassador" time="0.560" /><testcase classname="tests.test_ambassadors_p1.TestPublicResolve" name="test_resolve_invalid" time="0.123" /><testcase classname="tests.test_ambassadors_p1.TestPublicResolve" name="test_public_invite_meta_valid" time="0.127" /><testcase classname="tests.test_ambassadors_p1.TestPublicResolve" name="test_public_invite_meta_invalid_returns_200_valid_false" time="0.121" /><testcase classname="tests.test_ambassadors_p1.TestSelfEndpoints" name="test_me_full_profile" time="0.521" /><testcase classname="tests.test_ambassadors_p1.TestSelfEndpoints" name="test_me_referrals" time="0.118" /><testcase classname="tests.test_ambassadors_p1.TestSelfEndpoints" name="test_me_commissions" time="0.112" /><testcase classname="tests.test_ambassadors_p1.TestAdminToggle" name="test_toggle_forbidden_for_non_admin" time="0.450" /><testcase classname="tests.test_ambassadors_p1.TestSelfEndpoints" name="test_referrals_forbidden_for_non_ambassador" time="0.124" /><testcase classname="tests.test_ambassadors_p1.TestSelfEndpoints" name="test_commissions_forbidden_for_non_ambassador" time="0.178" /><testcase classname="tests.test_ambassadors_p1.TestAdminToggle" name="test_toggle_404_unknown_user" time="0.460" /><testcase classname="tests.test_ambassadors_p1.TestAdminToggle" name="test_toggle_activate_and_reactivate_client" time="0.236" /><testcase classname="tests.test_ambassadors_p1.TestRegisterAndAttach" name="test_register_with_valid_referral_code_creates_pending_referral" time="1.726" /><testcase classname="tests.test_ambassadors_p1.TestAdminToggle" name="test_toggle_deactivate_then_reactivate" time="0.520" /><testcase classname="tests.test_ambassadors_p2.TestAdminGetSingle" name="test_get_single_ok" time="0.460" /><testcase classname="tests.test_ambassadors_p2.TestAdminGetSingle" name="test_get_single_unknown" time="0.003" /><testcase classname="tests.test_ambassadors_p2.TestAdminGetSingle" name="test_get_single_403_non_admin" time="0.003" /><testcase classname="tests.test_ambassadors_p2.TestAdminGetSingle" name="test_get_single_401_no_token" time="0.002" /><testcase classname="tests.test_ambassadors_p2.TestAuthGuards" name="test_admin_endpoints_no_token" time="0.005" /><testcase classname="tests.test_ambassadors_p2.TestAuthGuards" name="test_admin_endpoints_client_token_403" time="0.003" /><testcase classname="tests.test_ambassadors_p2.TestAuthGuards" name="test_me_endpoints_no_token" time="0.005" /><testcase classname="tests.test_ambassadors_p2.TestAuthGuards" name="test_attach_no_token" time="0.002" /><testcase classname="tests.test_ambassadors_p1.TestRegisterAndAttach" name="test_register_with_invalid_referral_code_does_not_break" time="0.466" /><testcase classname="tests.test_ambassadors_p1.TestCommissionUpdate" name="test_mark_commission_paid" time="0.406"><skipped type="pytest.skip" message="No seed commission available">/app/backend/tests/test_ambassadors_p1.py:446: No seed commission available</skipped></testcase><testcase classname="tests.test_ambassadors_p1.TestCommissionUpdate" name="test_invalid_status" time="0.114" /><testcase classname="tests.test_ambassadors_p1.TestCommissionUpdate" name="test_not_found" time="0.136" /><testcase classname="tests.test_ambassadors_p1.TestHooks" name="test_kyc_hook_marks_kyc_verified_at" time="0.179" /><testcase classname="tests.test_ambassadors_p1.TestRegisterAndAttach" name="test_self_referral_blocked_via_attach" time="0.250" /><testcase classname="tests.test_ambassadors_p1.TestHooks" name="test_kyc_hook_prestataire_without_booking_stays_pending" time="0.005" /><testcase classname="tests.test_ambassadors_p1.TestHooks" name="test_booking_complete_hook_creates_commission_and_verifies_client" time="0.013" /><testcase classname="tests.test_ambassadors_p1.TestRegisterAndAttach" name="test_attach_idempotent" time="0.913" /><testcase classname="tests.test_ambassadors_p2.TestMyReferralsFilter" name="test_status_pending_filter" time="0.231" /><testcase classname="tests.test_ambassadors_p2.TestMyReferralsFilter" name="test_status_verified_filter" time="0.004" /><testcase classname="tests.test_ambassadors_p2.TestMyReferralsFilter" name="test_status_invalid_value_ignored" time="0.005" /><testcase classname="tests.test_ambassadors_p2.TestAttachEdges" name="test_attach_self_referral_400" time="0.003" /><testcase classname="tests.test_ambassadors_p2.TestAttachEdges" name="test_attach_invalid_code_404" time="0.247" /><testcase classname="tests.test_ambassadors_p2.TestAttachEdges" name="test_attach_missing_code_400" time="0.003" /><testcase classname="tests.test_ambassadors_p1.TestAdminConfig" name="test_get_config_admin_only" time="0.951" /><testcase classname="tests.test_ambassadors_p1.TestAdminConfig" name="test_put_config_admin_only" time="0.542" /><testcase classname="tests.test_ambassadors_p2.TestAdminPutSingle" name="test_put_updates_goal_and_bio" time="0.469" /><testcase classname="tests.test_ambassadors_p2.TestAdminPutSingle" name="test_put_404_unknown" time="0.003" /><testcase classname="tests.test_ambassadors_p2.TestAdminPutSingle" name="test_put_403_non_admin" time="0.002" /><testcase classname="tests.test_ambassadors_p2.TestPublicInvite" name="test_valid_code" time="0.003" /><testcase classname="tests.test_ambassadors_p2.TestPublicInvite" name="test_invalid_code_200_valid_false" time="0.002" /><testcase classname="tests.test_ambassadors_p2.TestConfigEdgeCases" name="test_partial_thresholds_uses_defaults" time="0.008" /><testcase classname="tests.test_ambassadors_p2.TestConfigEdgeCases" name="test_commission_patch_invalid_status" time="0.002" /><testcase classname="tests.test_ambassadors_p2.TestSlugEdgeCases" name="test_slug_with_accents_normalized" time="0.012" /><testcase classname="tests.test_ambassadors_p2.TestSlugEdgeCases" name="test_slug_too_short_400" time="0.003" /><testcase classname="tests.test_ambassadors_p2.TestRouteOrdering" name="test_config_route_reachable" time="0.230" /><testcase classname="tests.test_ambassadors_p2.TestRouteOrdering" name="test_commissions_route_reachable" time="0.003" /><testcase classname="tests.test_ambassadors_p2.TestLeaderboardShape" name="test_leaderboard_shape" time="0.002" /><testcase classname="tests.test_ambassadors_p2.TestRateLimitConstant" name="test_rate_limit_constant_updated" time="0.000" /><testcase classname="tests.test_ambassadors_p2.TestRegisterReferral" name="test_register_with_referral_code" time="0.376" /><testcase classname="tests.test_ambassadors_p1.TestAdminList" name="test_list_admin_only" time="0.967" /><testcase classname="tests.test_ambassadors_p1.TestLeaderboard" name="test_public_no_auth" time="0.105" /><testcase classname="tests.test_ambassadors_p1.TestRateLimit" name="test_rate_limit_enforced" time="0.202" /></testsuite></testsuites>