<?xml version="1.0" encoding="utf-8"?><testsuites name="pytest tests"><testsuite name="pytest" errors="0" failures="0" skipped="0" tests="7" time="1.361" timestamp="2026-07-31T20:07:33.063874+00:00" hostname="agent-env-868fd53e-1f85-41aa-80f4-13c6ad7575b7"><testcase classname="tests.test_booking_flows.TestBookings" name="test_missing_bearer_token" time="0.575" /><testcase classname="tests.test_booking_flows.TestProtectedGets" name="test_auth_me_with_token" time="0.623" /><testcase classname="tests.test_booking_flows.TestProtectedGets" name="test_auth_me_without_token" time="0.228" /><testcase classname="tests.test_booking_flows.TestBookings" name="test_create_booking_with_token" time="0.383" /><testcase classname="tests.test_booking_flows.TestRides" name="test_book_ride_never_returns_401" time="0.107" /><testcase classname="tests.test_booking_flows.TestAuth" name="test_login_ok" time="0.000" /><testcase classname="tests.test_booking_flows.TestFamilyBookings" name="test_family_booking_never_returns_401" time="0.101" /></testsuite></testsuites>