<?xml version="1.0" encoding="utf-8"?><testsuites name="pytest tests"><testsuite name="pytest" errors="0" failures="0" skipped="0" tests="6" time="1.477" timestamp="2026-07-31T18:05:24.210892+00:00" hostname="agent-env-868fd53e-1f85-41aa-80f4-13c6ad7575b7"><testcase classname="tests.test_chat_provider" name="test_send_message_to_seeded_provider_returns_200" time="0.791" /><testcase classname="tests.test_chat_provider" name="test_conversations_lists_provider_with_enriched_name" time="0.102" /><testcase classname="tests.test_chat_provider" name="test_get_messages_returns_to_name" time="0.103" /><testcase classname="tests.test_chat_provider" name="test_send_empty_text_returns_400" time="0.134" /><testcase classname="tests.test_chat_provider" name="test_send_to_nonexistent_peer_returns_404" time="0.101" /><testcase classname="tests.test_chat_provider" name="test_send_without_auth_returns_401" time="0.150" /></testsuite></testsuites>