<?xml version="1.0" encoding="utf-8"?><testsuites name="pytest tests"><testsuite name="pytest" errors="0" failures="0" skipped="0" tests="16" time="2.274" timestamp="2026-07-31T20:29:10.534159+00:00" hostname="agent-env-868fd53e-1f85-41aa-80f4-13c6ad7575b7"><testcase classname="tests.test_promos_partners_ads.TestPromos" name="test_1_create_promo" time="0.602" /><testcase classname="tests.test_promos_partners_ads.TestPartners" name="test_1_create_partner" time="0.685" /><testcase classname="tests.test_promos_partners_ads.TestPromos" name="test_2_duplicate_slug_400" time="0.044" /><testcase classname="tests.test_promos_partners_ads.TestPromos" name="test_3_public_list" time="0.059" /><testcase classname="tests.test_promos_partners_ads.TestPartners" name="test_2_public_list" time="0.132" /><testcase classname="tests.test_promos_partners_ads.TestPromos" name="test_4_public_by_slug" time="0.047" /><testcase classname="tests.test_promos_partners_ads.TestPromos" name="test_5_slug_not_found_404" time="0.045" /><testcase classname="tests.test_promos_partners_ads.TestPromos" name="test_6_cleanup" time="0.086" /><testcase classname="tests.test_promos_partners_ads.TestPartners" name="test_3_get_by_id" time="0.043" /><testcase classname="tests.test_promos_partners_ads.TestPartners" name="test_4_get_not_found" time="0.050" /><testcase classname="tests.test_promos_partners_ads.TestPartners" name="test_5_cleanup" time="0.047" /><testcase classname="tests.test_promos_partners_ads.TestAdsDestination" name="test_1_create_ad_with_provider_destination" time="0.097" /><testcase classname="tests.test_promos_partners_ads.TestAdsDestination" name="test_2_ad_persisted_in_admin_list" time="0.246" /><testcase classname="tests.test_promos_partners_ads.TestAdsDestination" name="test_3_create_ad_legacy_no_link_type" time="0.131" /><testcase classname="tests.test_promos_partners_ads.TestStripeCheckoutRedirect" name="test_checkout_returns_url_for_booking_paid_route" time="0.999" /><testcase classname="tests.test_promos_partners_ads.TestAdsDestination" name="test_4_cleanup" time="0.558" /></testsuite></testsuites>