<?xml version="1.0" encoding="utf-8"?><testsuites name="pytest tests"><testsuite name="pytest" errors="0" failures="0" skipped="0" tests="9" time="4.387" timestamp="2026-08-01T03:08:35.164226+00:00" hostname="agent-env-868fd53e-1f85-41aa-80f4-13c6ad7575b7"><testcase classname="tests.test_iter21_notifs_delete.TestDeleteAccountE2E" name="test_register_temp_account" time="0.339" /><testcase classname="tests.test_iter21_notifs_delete.TestDeleteAccountE2E" name="test_delete_me" time="0.226" /><testcase classname="tests.test_iter21_notifs_delete.TestDeleteAccountE2E" name="test_re_login_fails" time="0.098" /><testcase classname="tests.test_iter21_notifs_delete.TestRegressionSanity" name="test_client_login_intact" time="0.477" /><testcase classname="tests.test_iter21_notifs_delete.TestReviewNotifSentToProvider" name="test_setup_complete_booking" time="1.898" /><testcase classname="tests.test_iter21_notifs_delete.TestRegressionSanity" name="test_create_booking_still_works" time="1.224" /><testcase classname="tests.test_iter21_notifs_delete.TestReviewNotifSentToProvider" name="test_post_review_creates_provider_notification" time="0.604" /><testcase classname="tests.test_iter21_notifs_delete.TestFamilySessionReportNotif" name="test_setup_family_booking" time="0.636" /><testcase classname="tests.test_iter21_notifs_delete.TestFamilySessionReportNotif" name="test_report_submission_sends_enriched_notif_to_parent" time="0.940" /></testsuite></testsuites>