<?xml version="1.0" encoding="utf-8"?><testsuites name="pytest tests"><testsuite name="pytest" errors="0" failures="0" skipped="0" tests="65" time="7.445" timestamp="2026-08-04T13:55:20.735140+00:00" hostname="agent-env-868fd53e-1f85-41aa-80f4-13c6ad7575b7"><testcase classname="tests.test_iter36_final_audit.TestAdminMissingRoutes" name="test_route_absent[/api/admin/providers-get]" time="0.559" /><testcase classname="tests.test_iter36_final_audit.TestAdminMissingRoutes" name="test_route_absent[/api/admin/bookings-get]" time="0.063" /><testcase classname="tests.test_iter36_final_audit.TestAdminMissingRoutes" name="test_route_absent[/api/admin/payments-get]" time="0.063" /><testcase classname="tests.test_iter36_final_audit.TestClientProviders" name="test_list_providers" time="1.231" /><testcase classname="tests.test_iter36_final_audit.TestAdminMissingRoutes" name="test_route_absent[/api/admin/help-articles-get]" time="0.058" /><testcase classname="tests.test_iter36_final_audit.TestAdminMissingRoutes" name="test_route_absent[/api/admin/settings-get]" time="0.203" /><testcase classname="tests.test_iter36_final_audit.TestAdminMissingRoutes" name="test_route_absent[/api/admin/stats-get]" time="0.059" /><testcase classname="tests.test_iter36_final_audit.TestAdminMissingRoutes" name="test_route_absent[/api/admin/legal-docs-get]" time="0.057" /><testcase classname="tests.test_iter36_final_audit.TestAuthGuards" name="test_unauth_returns_401[/api/admin/crm/users]" time="0.116" /><testcase classname="tests.test_iter36_final_audit.TestAuthGuards" name="test_unauth_returns_401[/api/admin/promos]" time="0.126" /><testcase classname="tests.test_iter36_final_audit.TestClientProviders" name="test_list_providers_filters" time="0.099" /><testcase classname="tests.test_iter36_final_audit.TestAuthGuards" name="test_unauth_returns_401[/api/admin/kyc-requests]" time="0.280" /><testcase classname="tests.test_iter36_final_audit.TestClientProviders" name="test_list_providers_search_q" time="0.334" /><testcase classname="tests.test_iter36_final_audit.TestAuthGuards" name="test_unauth_returns_401[/api/admin/stats/marketplace]" time="0.114" /><testcase classname="tests.test_iter36_final_audit.TestAuthGuards" name="test_unauth_returns_401[/api/admin/sponsorships]" time="0.124" /><testcase classname="tests.test_iter36_final_audit.TestClientProviders" name="test_provider_detail" time="0.161" /><testcase classname="tests.test_iter36_final_audit.TestClientProviders" name="test_provider_services" time="0.073" /><testcase classname="tests.test_iter36_final_audit.TestClientAuth" name="test_login_success" time="0.340" /><testcase classname="tests.test_iter36_final_audit.TestClientAuth" name="test_login_bad_password" time="0.882" /><testcase classname="tests.test_iter36_final_audit.TestClientPayments" name="test_stripe_checkout_booking" time="1.163" /><testcase classname="tests.test_iter36_final_audit.TestClientAuth" name="test_otp_request_generic_success" time="0.340" /><testcase classname="tests.test_iter36_final_audit.TestClientPayments" name="test_payment_status_unknown_session" time="0.333" /><testcase classname="tests.test_iter36_final_audit.TestClientAuth" name="test_otp_verify_invalid_code" time="0.115" /><testcase classname="tests.test_iter36_final_audit.TestClientPayments" name="test_wave_checkout_booking_503" time="0.090" /><testcase classname="tests.test_iter36_final_audit.TestClientPayments" name="test_orange_checkout_booking_503" time="0.083" /><testcase classname="tests.test_iter36_final_audit.TestAdminUsers" name="test_list_users" time="0.058" /><testcase classname="tests.test_iter36_final_audit.TestAdminUsers" name="test_users_search" time="0.064" /><testcase classname="tests.test_iter36_final_audit.TestClientBookings" name="test_create_booking_quote" time="0.470" /><testcase classname="tests.test_iter36_final_audit.TestClientBookings" name="test_list_my_bookings" time="0.077" /><testcase classname="tests.test_iter36_final_audit.TestAdminUsers" name="test_users_forbidden_for_client" time="0.623" /><testcase classname="tests.test_iter36_final_audit.TestClientBookings" name="test_bookings_mine_alias_absent" time="0.076" /><testcase classname="tests.test_iter36_final_audit.TestAdminUsers" name="test_admin_users_alias_missing" time="0.058" /><testcase classname="tests.test_iter36_final_audit.TestClientProfile" name="test_get_me" time="0.080" /><testcase classname="tests.test_iter36_final_audit.TestClientProfile" name="test_patch_me" time="0.062" /><testcase classname="tests.test_iter36_final_audit.TestClientProfile" name="test_alias_me_missing" time="0.073" /><testcase classname="tests.test_iter36_final_audit.TestPrestataireServices" name="test_list_my_services" time="0.607" /><testcase classname="tests.test_iter36_final_audit.TestPrestataireServices" name="test_prestations_alias_absent" time="0.086" /><testcase classname="tests.test_iter36_final_audit.TestPrestataireBookings" name="test_list_received_via_bookings" time="0.525" /><testcase classname="tests.test_iter36_final_audit.TestPrestataireServices" name="test_full_service_crud" time="0.285" /><testcase classname="tests.test_iter36_final_audit.TestPrestataireBookings" name="test_bookings_received_alias_absent" time="0.058" /><testcase classname="tests.test_iter36_final_audit.TestPrestataireBookings" name="test_full_booking_lifecycle" time="0.695" /><testcase classname="tests.test_iter36_final_audit.TestClientReviews" name="test_list_reviews" time="0.062" /><testcase classname="tests.test_iter36_final_audit.TestClientReviews" name="test_create_review_requires_confirmed_booking" time="0.060" /><testcase classname="tests.test_iter36_final_audit.TestClientChat" name="test_list_conversations" time="0.077" /><testcase classname="tests.test_iter36_final_audit.TestClientChat" name="test_send_and_read_message" time="0.132" /><testcase classname="tests.test_iter36_final_audit.TestClientNotifications" name="test_list_notifications" time="0.063" /><testcase classname="tests.test_iter36_final_audit.TestClientNotifications" name="test_mark_notification_read" time="0.183" /><testcase classname="tests.test_iter36_final_audit.TestPrestataireDashboard" name="test_dashboard" time="0.089" /><testcase classname="tests.test_iter36_final_audit.TestClientPromoCodes" name="test_list_promo_codes" time="0.104" /><testcase classname="tests.test_iter36_final_audit.TestPrestataireDashboard" name="test_dashboard_client_forbidden" time="0.083" /><testcase classname="tests.test_iter36_final_audit.TestClientPromoCodes" name="test_validate_unknown_code" time="0.061" /><testcase classname="tests.test_iter36_final_audit.TestPrestataireKYC" name="test_get_my_kyc" time="0.132" /><testcase classname="tests.test_iter36_final_audit.TestAdminPromoCodes" name="test_promo_codes_list" time="0.064" /><testcase classname="tests.test_iter36_final_audit.TestAdminPromoCodes" name="test_promo_codes_create" time="0.064" /><testcase classname="tests.test_iter36_final_audit.TestPrestataireKYC" name="test_submit_kyc" time="0.068" /><testcase classname="tests.test_iter36_final_audit.TestAdminLegal" name="test_list_legal_documents" time="0.062" /><testcase classname="tests.test_iter36_final_audit.TestAdminLegal" name="test_get_and_update_terms" time="0.066" /><testcase classname="tests.test_iter36_final_audit.TestAdminStats" name="test_marketplace_stats" time="0.074" /><testcase classname="tests.test_iter36_final_audit.TestAdminStats" name="test_crm_overview" time="0.185" /><testcase classname="tests.test_iter36_final_audit.TestClientBlocking" name="test_block_unblock_flow" time="0.161" /><testcase classname="tests.test_iter36_final_audit.TestAdminKYC" name="test_list_kyc_queue" time="0.508" /><testcase classname="tests.test_iter36_final_audit.TestAdminKYC" name="test_kyc_stats" time="0.068" /><testcase classname="tests.test_iter36_final_audit.TestPrestataireSponsorship" name="test_list_my_sponsorships" time="0.059" /><testcase classname="tests.test_iter36_final_audit.TestClientFavorites" name="test_favorites_flow" time="0.337" /><testcase classname="tests.test_iter36_final_audit.TestAdminPromos" name="test_promos_crud" time="0.228" /></testsuite></testsuites>