<?xml version="1.0" encoding="utf-8"?><testsuites name="pytest tests"><testsuite name="pytest" errors="0" failures="0" skipped="0" tests="13" time="4.153" timestamp="2026-08-01T02:09:47.571610+00:00" hostname="agent-env-868fd53e-1f85-41aa-80f4-13c6ad7575b7"><testcase classname="tests.test_iter18_notifs_reports.TestReportsAdmin" name="test_patch_empty_returns_400" time="2.392" /><testcase classname="tests.test_iter18_notifs_reports.TestNotifRead" name="test_notifs_and_mark_one_read" time="2.608" /><testcase classname="tests.test_iter18_notifs_reports.TestReportsAdmin" name="test_patch_invalid_status" time="0.221" /><testcase classname="tests.test_iter18_notifs_reports.TestNotifRead" name="test_read_one_requires_auth" time="0.094" /><testcase classname="tests.test_iter18_notifs_reports.TestReportsAdmin" name="test_patch_status_investigating" time="0.248" /><testcase classname="tests.test_iter18_notifs_reports.TestReportCreate" name="test_create_report_has_history" time="0.099" /><testcase classname="tests.test_iter18_notifs_reports.TestBabysittingNotifRouting" name="test_new_booking_creates_notif_with_family_booking_id" time="0.349" /><testcase classname="tests.test_iter18_notifs_reports.TestReportsAdmin" name="test_patch_priority_urgent" time="0.211" /><testcase classname="tests.test_iter18_notifs_reports.TestReportsAdmin" name="test_patch_note_only" time="0.253" /><testcase classname="tests.test_iter18_notifs_reports.TestReportsAdmin" name="test_patch_resolved_sets_resolver" time="0.209" /><testcase classname="tests.test_iter18_notifs_reports.TestReportsAdmin" name="test_stats" time="0.106" /><testcase classname="tests.test_iter18_notifs_reports.TestReportsAdmin" name="test_filter_open" time="0.098" /><testcase classname="tests.test_iter18_notifs_reports.TestReportsAdmin" name="test_support_permission" time="0.101" /></testsuite></testsuites>