<?xml version="1.0" encoding="utf-8"?><testsuites name="pytest tests"><testsuite name="pytest" errors="0" failures="0" skipped="0" tests="46" time="6.952" timestamp="2026-08-03T23:27:11.464839+00:00" hostname="agent-env-868fd53e-1f85-41aa-80f4-13c6ad7575b7"><testcase classname="tests.test_iter33_publication_readiness.TestHealth" name="test_root_status" time="0.263" /><testcase classname="tests.test_iter33_publication_readiness.TestHealth" name="test_seed_idempotent" time="0.098" /><testcase classname="tests.test_iter33_publication_readiness.TestAuth" name="test_login_client_ok" time="0.271" /><testcase classname="tests.test_iter33_publication_readiness.TestAuth" name="test_login_wrong_password" time="0.271" /><testcase classname="tests.test_iter33_publication_readiness.TestAuth" name="test_register_and_me" time="0.546" /><testcase classname="tests.test_iter33_publication_readiness.TestAuth" name="test_me_requires_auth" time="0.047" /><testcase classname="tests.test_iter33_publication_readiness.TestAuth" name="test_bad_token_rejected" time="0.047" /><testcase classname="tests.test_iter33_publication_readiness.TestUserProfile" name="test_update_profile" time="0.089" /><testcase classname="tests.test_iter33_publication_readiness.TestProviders" name="test_list_providers" time="0.326" /><testcase classname="tests.test_iter33_publication_readiness.TestProviders" name="test_provider_filter_city" time="0.270" /><testcase classname="tests.test_iter33_publication_readiness.TestProviders" name="test_family_babysitters" time="0.048" /><testcase classname="tests.test_iter33_publication_readiness.TestBookings" name="test_create" time="0.920" /><testcase classname="tests.test_iter33_publication_readiness.TestBookings" name="test_list_bookings_as_client" time="0.048" /><testcase classname="tests.test_iter33_publication_readiness.TestBookings" name="test_list_bookings_as_pro" time="0.047" /><testcase classname="tests.test_iter33_publication_readiness.TestChat" name="test_conversations" time="0.049" /><testcase classname="tests.test_iter33_publication_readiness.TestChat" name="test_send_and_read" time="0.098" /><testcase classname="tests.test_iter33_publication_readiness.TestFavorites" name="test_favorites_flow" time="0.422" /><testcase classname="tests.test_iter33_publication_readiness.TestNotifications" name="test_list" time="0.050" /><testcase classname="tests.test_iter33_publication_readiness.TestNotifications" name="test_read_all" time="0.047" /><testcase classname="tests.test_iter33_publication_readiness.TestWallet" name="test_wallet_me" time="0.047" /><testcase classname="tests.test_iter33_publication_readiness.TestWallet" name="test_wallet_history" time="0.045" /><testcase classname="tests.test_iter33_publication_readiness.TestPublicContent" name="test_partners_public" time="0.049" /><testcase classname="tests.test_iter33_publication_readiness.TestPublicContent" name="test_ads_public" time="0.334" /><testcase classname="tests.test_iter33_publication_readiness.TestPublicContent" name="test_promos_public" time="0.044" /><testcase classname="tests.test_iter33_publication_readiness.TestPublicContent" name="test_promo_validate_invalid" time="0.049" /><testcase classname="tests.test_iter33_publication_readiness.TestPayments" name="test_stripe_checkout_booking" time="0.434" /><testcase classname="tests.test_iter33_publication_readiness.TestPayments" name="test_wave_checkout_booking" time="0.046" /><testcase classname="tests.test_iter33_publication_readiness.TestPayments" name="test_orange_checkout_booking" time="0.047" /><testcase classname="tests.test_iter33_publication_readiness.TestPayments" name="test_payments_mine" time="0.047" /><testcase classname="tests.test_iter33_publication_readiness.TestAdmin" name="test_admin_login" time="0.268" /><testcase classname="tests.test_iter33_publication_readiness.TestAdmin" name="test_admin_crm_users" time="0.054" /><testcase classname="tests.test_iter33_publication_readiness.TestAdmin" name="test_admin_crm_overview" time="0.051" /><testcase classname="tests.test_iter33_publication_readiness.TestAdmin" name="test_admin_ads" time="0.313" /><testcase classname="tests.test_iter33_publication_readiness.TestAdmin" name="test_admin_promos" time="0.046" /><testcase classname="tests.test_iter33_publication_readiness.TestAdmin" name="test_admin_promo_codes" time="0.049" /><testcase classname="tests.test_iter33_publication_readiness.TestAdmin" name="test_admin_partners" time="0.047" /><testcase classname="tests.test_iter33_publication_readiness.TestAdmin" name="test_admin_reports" time="0.050" /><testcase classname="tests.test_iter33_publication_readiness.TestAdmin" name="test_admin_service_suggestions" time="0.048" /><testcase classname="tests.test_iter33_publication_readiness.TestAdmin" name="test_admin_staff" time="0.045" /><testcase classname="tests.test_iter33_publication_readiness.TestAdmin" name="test_admin_marketplace_stats" time="0.048" /><testcase classname="tests.test_iter33_publication_readiness.TestAdmin" name="test_rbac_client_forbidden_on_admin" time="0.046" /><testcase classname="tests.test_iter33_publication_readiness.TestAdmin" name="test_rbac_no_auth_forbidden_on_admin" time="0.049" /><testcase classname="tests.test_iter33_publication_readiness.TestReviews" name="test_public_reviews" time="0.314" /><testcase classname="tests.test_iter33_publication_readiness.TestSecurity" name="test_no_mongo_id_leak_providers" time="0.261" /><testcase classname="tests.test_iter33_publication_readiness.TestSecurity" name="test_no_mongo_id_leak_babysitters" time="0.050" /><testcase classname="tests.test_iter33_publication_readiness.TestSecurity" name="test_admin_route_prefix_hardening" time="0.045" /></testsuite></testsuites>