<?xml version="1.0" encoding="utf-8"?><testsuites name="pytest tests"><testsuite name="pytest" errors="0" failures="0" skipped="0" tests="42" time="9.689" timestamp="2026-08-01T03:49:12.024609+00:00" hostname="agent-env-868fd53e-1f85-41aa-80f4-13c6ad7575b7"><testcase classname="tests.test_iter24_blocked_bidirectional.TestProvidersList" name="test_baseline_visible" time="1.926" /><testcase classname="tests.test_iter24_blocked_bidirectional.TestProvidersList" name="test_client_blocks_pro__pro_hidden_for_client" time="0.091" /><testcase classname="tests.test_iter24_blocked_bidirectional.TestProvidersList" name="test_client_blocks_pro__pro_side_still_lists_self" time="0.048" /><testcase classname="tests.test_iter24_blocked_bidirectional.TestProvidersList" name="test_third_party_still_sees_pro" time="0.048" /><testcase classname="tests.test_iter24_blocked_bidirectional.TestProvidersList" name="test_unblock_restores_visibility" time="0.088" /><testcase classname="tests.test_iter24_blocked_bidirectional.TestProvidersList" name="test_reverse_direction_pro_blocks_client" time="0.171" /><testcase classname="tests.test_iter24_blocked_bidirectional.TestProviderDetail" name="test_baseline_200" time="0.312" /><testcase classname="tests.test_iter24_blocked_bidirectional.TestProviderDetail" name="test_client_blocks_pro__detail_404" time="0.124" /><testcase classname="tests.test_iter24_blocked_bidirectional.TestProviderDetail" name="test_third_party_still_200" time="0.044" /><testcase classname="tests.test_iter24_blocked_bidirectional.TestProviderDetail" name="test_reverse_pro_blocks_client__detail_404" time="0.171" /><testcase classname="tests.test_iter24_blocked_bidirectional.TestProviderDetail" name="test_unblock_detail_200" time="0.265" /><testcase classname="tests.test_iter24_blocked_bidirectional.TestCreateBookingBlocked" name="test_baseline_creates" time="0.265" /><testcase classname="tests.test_iter24_blocked_bidirectional.TestCreateBookingBlocked" name="test_blocked_returns_403" time="0.089" /><testcase classname="tests.test_iter24_blocked_bidirectional.TestCreateBookingBlocked" name="test_reverse_blocked_returns_403" time="0.171" /><testcase classname="tests.test_iter24_blocked_bidirectional.TestRidesList" name="test_baseline_driver_visible" time="0.355" /><testcase classname="tests.test_iter24_blocked_bidirectional.TestRidesList" name="test_blocked_driver_hidden" time="0.098" /><testcase classname="tests.test_iter24_blocked_bidirectional.TestRidesList" name="test_third_party_still_sees_driver_rides" time="0.049" /><testcase classname="tests.test_iter24_blocked_bidirectional.TestRidesList" name="test_reverse_driver_blocks_client" time="0.210" /><testcase classname="tests.test_iter24_blocked_bidirectional.TestRideDetail" name="test_baseline_200" time="0.382" /><testcase classname="tests.test_iter24_blocked_bidirectional.TestRideDetail" name="test_blocked_returns_404" time="0.087" /><testcase classname="tests.test_iter24_blocked_bidirectional.TestRideDetail" name="test_reverse_blocked_404" time="0.215" /><testcase classname="tests.test_iter24_blocked_bidirectional.TestRideBook" name="test_blocked_returns_403" time="0.307" /><testcase classname="tests.test_iter24_blocked_bidirectional.TestRideBook" name="test_reverse_blocked_403" time="0.181" /><testcase classname="tests.test_iter24_blocked_bidirectional.TestRideParcel" name="test_blocked_returns_403" time="0.343" /><testcase classname="tests.test_iter24_blocked_bidirectional.TestRideParcel" name="test_reverse_blocked_403" time="0.176" /><testcase classname="tests.test_iter24_blocked_bidirectional.TestBabysittersList" name="test_baseline_visible" time="0.354" /><testcase classname="tests.test_iter24_blocked_bidirectional.TestBabysittersList" name="test_blocked_sitter_hidden" time="0.090" /><testcase classname="tests.test_iter24_blocked_bidirectional.TestBabysittersList" name="test_reverse_sitter_blocks_client" time="0.173" /><testcase classname="tests.test_iter24_blocked_bidirectional.TestBabysitterDetail" name="test_baseline_200" time="0.393" /><testcase classname="tests.test_iter24_blocked_bidirectional.TestBabysitterDetail" name="test_blocked_404" time="0.089" /><testcase classname="tests.test_iter24_blocked_bidirectional.TestBabysitterDetail" name="test_reverse_404" time="0.214" /><testcase classname="tests.test_iter24_blocked_bidirectional.TestFamilyBookingBlocked" name="test_blocked_returns_403" time="0.306" /><testcase classname="tests.test_iter24_blocked_bidirectional.TestFamilyBookingBlocked" name="test_reverse_blocked_403" time="0.176" /><testcase classname="tests.test_iter24_blocked_bidirectional.TestChatBlocked" name="test_11_get_messages_blocked_returns_empty" time="0.436" /><testcase classname="tests.test_iter24_blocked_bidirectional.TestChatBlocked" name="test_11_reverse_get_messages_empty" time="0.043" /><testcase classname="tests.test_iter24_blocked_bidirectional.TestChatBlocked" name="test_12_send_message_blocked_returns_403" time="0.052" /><testcase classname="tests.test_iter24_blocked_bidirectional.TestChatBlocked" name="test_12_reverse_send_message_403" time="0.043" /><testcase classname="tests.test_iter24_blocked_bidirectional.TestChatBlocked" name="test_13_conversations_hides_blocked_peer_client_side" time="0.048" /><testcase classname="tests.test_iter24_blocked_bidirectional.TestChatBlocked" name="test_13_conversations_hides_blocked_peer_pro_side" time="0.083" /><testcase classname="tests.test_iter24_blocked_bidirectional.TestChatBlocked" name="test_unblock_restores_chat" time="0.172" /><testcase classname="tests.test_iter24_blocked_bidirectional.TestChatBlocked" name="test_reverse_pro_blocks_client_chat" time="0.301" /><testcase classname="tests.test_iter24_blocked_bidirectional.TestZFinalCleanup" name="test_cleanup" time="0.399" /></testsuite></testsuites>