<?xml version="1.0" encoding="utf-8"?><testsuites name="pytest tests"><testsuite name="pytest" errors="0" failures="0" skipped="0" tests="23" time="7.095" timestamp="2026-08-01T02:29:47.899234+00:00" hostname="agent-env-868fd53e-1f85-41aa-80f4-13c6ad7575b7"><testcase classname="tests.test_iter19_regression.TestMobility" name="test_list_rides" time="0.292" /><testcase classname="tests.test_iter19_regression.TestAuthRegression" name="test_login_admin" time="0.565" /><testcase classname="tests.test_iter19_regression.TestMobility" name="test_book_ride_seat" time="0.782" /><testcase classname="tests.test_iter19_regression.TestAuthRegression" name="test_login_client" time="0.403" /><testcase classname="tests.test_iter19_regression.TestAuthRegression" name="test_login_aisha" time="0.381" /><testcase classname="tests.test_iter19_regression.TestMobility" name="test_list_my_ride_bookings" time="0.681" /><testcase classname="tests.test_iter19_regression.TestAuthRegression" name="test_login_chauffeur" time="0.402" /><testcase classname="tests.test_iter19_regression.TestAuthRegression" name="test_login_pro" time="0.318" /><testcase classname="tests.test_iter19_regression.TestMobility" name="test_parcel_send" time="1.084" /><testcase classname="tests.test_iter19_regression.TestAuthRegression" name="test_login_support" time="0.445" /><testcase classname="tests.test_iter19_regression.TestFamilyBookings" name="test_mine_and_assigned_endpoints" time="0.646" /><testcase classname="tests.test_iter19_regression.TestAdmin" name="test_partners_list" time="0.420" /><testcase classname="tests.test_iter19_regression.TestFamilyBookings" name="test_aisha_has_assigned" time="0.549" /><testcase classname="tests.test_iter19_regression.TestAdmin" name="test_partner_create_and_delete" time="0.876" /><testcase classname="tests.test_iter19_regression.TestFamilyBookings" name="test_create_family_booking_and_detail" time="0.847" /><testcase classname="tests.test_iter19_regression.TestAdmin" name="test_ads_list_and_duration_field" time="0.421" /><testcase classname="tests.test_iter19_regression.TestAdmin" name="test_reports_admin_flow" time="0.755" /><testcase classname="tests.test_iter19_regression.TestLegalAcceptancePersistence" name="test_get_documents_list" time="0.318" /><testcase classname="tests.test_iter19_regression.TestLegalAcceptancePersistence" name="test_accept_then_persist_in_mine" time="0.908" /><testcase classname="tests.test_iter19_regression.TestNotifications" name="test_list_and_mark_read" time="0.557" /><testcase classname="tests.test_iter19_regression.TestHome" name="test_banners_visible" time="0.405" /><testcase classname="tests.test_iter19_regression.TestBookings" name="test_create_provider_booking" time="0.918" /><testcase classname="tests.test_iter19_regression.TestFamilyProfile" name="test_aisha_profile_update" time="0.543" /></testsuite></testsuites>