<?xml version="1.0" encoding="utf-8"?><testsuites name="pytest tests"><testsuite name="pytest" errors="0" failures="0" skipped="0" tests="5" time="2.331" timestamp="2026-08-01T00:15:28.006033+00:00" hostname="agent-env-868fd53e-1f85-41aa-80f4-13c6ad7575b7"><testcase classname="tests.test_iter16_ride_book_family_profile.TestFamilyProfile" name="test_upsert_family_profile_persists_and_appears_in_search" time="0.611" /><testcase classname="tests.test_iter16_ride_book_family_profile.TestFamilyProfile" name="test_family_profile_requires_auth" time="0.047" /><testcase classname="tests.test_iter16_ride_book_family_profile.TestRideBook" name="test_book_ride_returns_200_and_persists" time="1.900" /><testcase classname="tests.test_iter16_ride_book_family_profile.TestRideBook" name="test_book_ride_missing_auth_returns_401" time="0.047" /><testcase classname="tests.test_iter16_ride_book_family_profile.TestParcelRegression" name="test_parcel_send_regression" time="0.092" /></testsuite></testsuites>