<?xml version="1.0" encoding="utf-8"?><testsuites name="pytest tests"><testsuite name="pytest" errors="0" failures="0" skipped="0" tests="22" time="3.104" timestamp="2026-08-01T03:34:48.080940+00:00" hostname="agent-env-868fd53e-1f85-41aa-80f4-13c6ad7575b7"><testcase classname="tests.test_iter23_notif_review_family_report.TestSessionReportNotification" name="test_00_pick_aisha_and_create_booking" time="1.208" /><testcase classname="tests.test_iter23_notif_review_family_report.TestReviewNotification" name="test_00_ensure_provider_profile_and_create_booking" time="1.303" /><testcase classname="tests.test_iter23_notif_review_family_report.TestSessionReportNotification" name="test_01_sitter_confirms_and_in_progress" time="0.133" /><testcase classname="tests.test_iter23_notif_review_family_report.TestReviewNotification" name="test_01_double_confirm_completion" time="0.093" /><testcase classname="tests.test_iter23_notif_review_family_report.TestSessionReportNotification" name="test_02_get_report_before_submission_returns_404" time="0.084" /><testcase classname="tests.test_iter23_notif_review_family_report.TestSessionReportNotification" name="test_03_parent_cannot_submit_report" time="0.238" /><testcase classname="tests.test_iter23_notif_review_family_report.TestReviewNotification" name="test_02_stranger_cannot_review" time="0.535" /><testcase classname="tests.test_iter23_notif_review_family_report.TestReviewNotification" name="test_03_client_posts_review_without_provider_id" time="0.048" /><testcase classname="tests.test_iter23_notif_review_family_report.TestSessionReportNotification" name="test_04_other_sitter_cannot_submit_report" time="0.391" /><testcase classname="tests.test_iter23_notif_review_family_report.TestReviewNotification" name="test_04_booking_review_id_updated" time="0.044" /><testcase classname="tests.test_iter23_notif_review_family_report.TestReviewNotification" name="test_05_double_review_returns_400" time="0.085" /><testcase classname="tests.test_iter23_notif_review_family_report.TestSessionReportNotification" name="test_05_sitter_submits_report_success" time="0.045" /><testcase classname="tests.test_iter23_notif_review_family_report.TestSessionReportNotification" name="test_06_booking_marked_completed_paid_and_report_id_set" time="0.074" /><testcase classname="tests.test_iter23_notif_review_family_report.TestReviewNotification" name="test_06_provider_rating_recomputed" time="0.047" /><testcase classname="tests.test_iter23_notif_review_family_report.TestReviewNotification" name="test_07_provider_receives_review_received_notification" time="0.045" /><testcase classname="tests.test_iter23_notif_review_family_report.TestSessionReportNotification" name="test_07_double_report_returns_400" time="0.049" /><testcase classname="tests.test_iter23_notif_review_family_report.TestSessionReportNotification" name="test_08_parent_can_get_report" time="0.044" /><testcase classname="tests.test_iter23_notif_review_family_report.TestSessionReportNotification" name="test_09_babysitter_can_get_report" time="0.046" /><testcase classname="tests.test_iter23_notif_review_family_report.TestSessionReportNotification" name="test_10_admin_can_get_report" time="0.311" /><testcase classname="tests.test_iter23_notif_review_family_report.TestSessionReportNotification" name="test_11_third_party_cannot_get_report" time="0.045" /><testcase classname="tests.test_iter23_notif_review_family_report.TestSessionReportNotification" name="test_12_report_not_found_on_bogus_id" time="0.046" /><testcase classname="tests.test_iter23_notif_review_family_report.TestSessionReportNotification" name="test_13_parent_receives_babysitting_report_notification" time="0.049" /></testsuite></testsuites>