<?xml version="1.0" encoding="utf-8"?><testsuites name="pytest tests"><testsuite name="pytest" errors="0" failures="0" skipped="0" tests="4" time="4.579" timestamp="2026-08-02T22:19:40.651935+00:00" hostname="agent-env-868fd53e-1f85-41aa-80f4-13c6ad7575b7"><testcase classname="tests.test_iter27_delete_and_block_filters.TestBug1AccountDeletion" name="test_register_then_delete_me_full_cycle" time="2.016" /><testcase classname="tests.test_iter27_delete_and_block_filters.TestBug2aFavoritesFilteredByBlock" name="test_favorites_hidden_when_provider_blocked" time="3.190" /><testcase classname="tests.test_iter27_delete_and_block_filters.TestBug1AccountDeletion" name="test_delete_me_requires_auth" time="0.141" /><testcase classname="tests.test_iter27_delete_and_block_filters.TestBug2bAdsFilteredByBlock" name="test_ads_hidden_when_target_provider_blocked" time="1.985" /></testsuite></testsuites>