<?xml version="1.0" encoding="utf-8"?><testsuites name="pytest tests"><testsuite name="pytest" errors="0" failures="1" skipped="0" tests="26" time="3.191" timestamp="2026-08-07T02:43:29.547095+00:00" hostname="agent-env-868fd53e-1f85-41aa-80f4-13c6ad7575b7"><testcase classname="tests.test_iter46_mobility_v2.TestRideOffersFlow" name="test_setup_create_request" time="0.593" /><testcase classname="tests.test_iter46_mobility_v2.TestRideRequestsCRUD" name="test_create_request" time="0.633" /><testcase classname="tests.test_iter46_mobility_v2.TestRideRequestsCRUD" name="test_list_requests_public" time="0.128" /><testcase classname="tests.test_iter46_mobility_v2.TestRideRequestsCRUD" name="test_mine_requests" time="0.200" /><testcase classname="tests.test_iter46_mobility_v2.TestRideOffersFlow" name="test_pro_create_offer" time="0.504" /><testcase classname="tests.test_iter46_mobility_v2.TestRideRequestsCRUD" name="test_get_request_with_offers" time="0.130" /><testcase classname="tests.test_iter46_mobility_v2.TestRideRequestsCRUD" name="test_patch_request" time="0.109" /><testcase classname="tests.test_iter46_mobility_v2.TestRideOffersFlow" name="test_request_marked_matched" time="0.161" /><testcase classname="tests.test_iter46_mobility_v2.TestRideRequestsCRUD" name="test_republish_request" time="0.117" /><testcase classname="tests.test_iter46_mobility_v2.TestRideOffersFlow" name="test_offers_sent_driver" time="0.108" /><testcase classname="tests.test_iter46_mobility_v2.TestRideRequestsCRUD" name="test_delete_request" time="0.237" /><testcase classname="tests.test_iter46_mobility_v2.TestRideOffersFlow" name="test_offers_received_passenger" time="0.109" /><testcase classname="tests.test_iter46_mobility_v2.TestRideOffersFlow" name="test_duplicate_offer_returns_existing" time="0.163" /><testcase classname="tests.test_iter46_mobility_v2.TestCities" name="test_list_cities" time="0.103" /><testcase classname="tests.test_iter46_mobility_v2.TestRideOffersFlow" name="test_own_request_forbidden" time="0.123" /><testcase classname="tests.test_iter46_mobility_v2.TestCities" name="test_resolve_city[Plateau-dakar]" time="0.095" /><testcase classname="tests.test_iter46_mobility_v2.TestCities" name="test_resolve_city[Mermoz-dakar]" time="0.100" /><testcase classname="tests.test_iter46_mobility_v2.TestRideOffersFlow" name="test_passenger_cannot_withdraw" time="0.146" /><testcase classname="tests.test_iter46_mobility_v2.TestCities" name="test_resolve_city[Almadies-dakar]" time="0.120" /><testcase classname="tests.test_iter46_mobility_v2.TestRideOffersFlow" name="test_accept_offer" time="0.249" /><testcase classname="tests.test_iter46_mobility_v2.TestCities" name="test_resolve_city[Saint-Louis-saint-louis]" time="0.140" /><testcase classname="tests.test_iter46_mobility_v2.TestCities" name="test_resolve_city[Thi\xe8s-thies]" time="0.105" /><testcase classname="tests.test_iter46_mobility_v2.TestRideOffersFlow" name="test_accept_again_fails" time="0.104" /><testcase classname="tests.test_iter46_mobility_v2.TestStats" name="test_stats_shape" time="0.112" /><testcase classname="tests.test_iter46_mobility_v2.TestWithdraw" name="test_withdraw_flow" time="0.470" /><testcase classname="tests.test_iter46_mobility_v2.TestMatchingIntegration" name="test_ride_normalization_and_match" time="0.514"><failure message="AssertionError: POST /api/rides failed: 422 {&quot;detail&quot;:[{&quot;type&quot;:&quot;missing&quot;,&quot;loc&quot;:[&quot;body&quot;,&quot;seats_total&quot;],&quot;msg&quot;:&quot;Field required&quot;,&quot;input&quot;:{&quot;from_city&quot;:&quot;Dakar&quot;,&quot;to_city&quot;:&quot;Thiès&quot;,&quot;date&quot;:&quot;2026-08-15&quot;,&quot;time&quot;:&quot;09:00&quot;,&quot;seats_available&quot;:3,&quot;price_xof&quot;:2500,&quot;vehicle_model&quot;:&quot;Renault&quot;},&quot;url&quot;:&quot;https://errors.pydantic.dev/2.13/v/missing&quot;}]}&#10;assert 422 in (200, 201)&#10; +  where 422 = &lt;Response [422]&gt;.status_code">backend/tests/test_iter46_mobility_v2.py:315: in test_ride_normalization_and_match
    assert r2.status_code in (200, 201), f"POST /api/rides failed: {r2.status_code} {r2.text}"
E   AssertionError: POST /api/rides failed: 422 {"detail":[{"type":"missing","loc":["body","seats_total"],"msg":"Field required","input":{"from_city":"Dakar","to_city":"Thiès","date":"2026-08-15","time":"09:00","seats_available":3,"price_xof":2500,"vehicle_model":"Renault"},"url":"https://errors.pydantic.dev/2.13/v/missing"}]}
E   assert 422 in (200, 201)
E    +  where 422 = &lt;Response [422]&gt;.status_code</failure></testcase></testsuite></testsuites>