<?xml version="1.0" encoding="utf-8"?><testsuites name="pytest tests"><testsuite name="pytest" errors="0" failures="0" skipped="0" tests="24" time="2.679" timestamp="2026-08-01T17:55:28.618474+00:00" hostname="agent-env-868fd53e-1f85-41aa-80f4-13c6ad7575b7"><testcase classname="tests.test_iter26_audit.TestBlockValidations" name="test_block_nonexistent_peer_returns_404" time="0.390" /><testcase classname="tests.test_iter26_audit.TestBlockValidations" name="test_block_self_returns_400" time="0.095" /><testcase classname="tests.test_iter26_audit.TestBlockValidations" name="test_block_valid_peer_200_then_unblock" time="0.454" /><testcase classname="tests.test_iter26_audit.TestBlockValidations" name="test_unblock_idempotent" time="0.096" /><testcase classname="tests.test_iter26_audit.TestNotifsEmpty" name="test_new_user_notifs_returns_empty_list" time="0.314" /><testcase classname="tests.test_iter26_audit.TestBookingsEdgeCases" name="test_patch_completed_to_pending_forbidden" time="0.231" /><testcase classname="tests.test_iter26_audit.TestBookingsEdgeCases" name="test_patch_quote_amount_negative_rejected" time="0.094" /><testcase classname="tests.test_iter26_audit.TestBookingsEdgeCases" name="test_patch_quote_amount_zero_rejected" time="0.091" /><testcase classname="tests.test_iter26_audit.TestReviewsRules" name="test_review_on_pending_booking" time="0.094" /><testcase classname="tests.test_iter26_audit.TestLimitBounds" name="test_limit_zero[/providers]" time="0.042" /><testcase classname="tests.test_iter26_audit.TestLimitBounds" name="test_limit_zero[/rides]" time="0.043" /><testcase classname="tests.test_iter26_audit.TestLimitBounds" name="test_limit_zero[/family/babysitters]" time="0.047" /><testcase classname="tests.test_iter26_audit.TestLimitBounds" name="test_limit_huge[/providers]" time="0.057" /><testcase classname="tests.test_iter26_audit.TestLimitBounds" name="test_limit_huge[/rides]" time="0.055" /><testcase classname="tests.test_iter26_audit.TestLimitBounds" name="test_limit_huge[/family/babysitters]" time="0.045" /><testcase classname="tests.test_iter26_audit.TestAdminForbidden" name="test_client_gets_403[/admin/crm/overview]" time="0.046" /><testcase classname="tests.test_iter26_audit.TestAdminForbidden" name="test_client_gets_403[/admin/crm/users]" time="0.043" /><testcase classname="tests.test_iter26_audit.TestAdminForbidden" name="test_client_gets_403[/admin/stats/marketplace]" time="0.043" /><testcase classname="tests.test_iter26_audit.TestAdminForbidden" name="test_client_gets_403[/admin/staff]" time="0.046" /><testcase classname="tests.test_iter26_audit.TestChatSmoke" name="test_chat_conversations_list" time="0.047" /><testcase classname="tests.test_iter26_audit.TestChatSmoke" name="test_chat_send_message" time="0.047" /><testcase classname="tests.test_iter26_audit.TestAdsAndNotifs" name="test_ads_home_top" time="0.045" /><testcase classname="tests.test_iter26_audit.TestAdsAndNotifs" name="test_notifications_returns_list" time="0.045" /><testcase classname="tests.test_iter26_audit.TestPaymentsSmoke" name="test_stripe_checkout_no_crash" time="0.088" /></testsuite></testsuites>