<?xml version="1.0" encoding="utf-8"?><testsuites name="pytest tests"><testsuite name="pytest" errors="0" failures="0" skipped="0" tests="12" time="4.757" timestamp="2026-08-01T03:19:53.981955+00:00" hostname="agent-env-868fd53e-1f85-41aa-80f4-13c6ad7575b7"><testcase classname="tests.test_iter22_reports_workflow.TestLoginRegression" name="test_client_login" time="0.716" /><testcase classname="tests.test_iter22_reports_workflow.TestLoginRegression" name="test_provider_login" time="0.448" /><testcase classname="tests.test_iter22_reports_workflow.TestLoginRegression" name="test_support_login" time="0.320" /><testcase classname="tests.test_iter22_reports_workflow.TestSecurityAndBadStates" name="test_non_author_cannot_confirm" time="2.424" /><testcase classname="tests.test_iter22_reports_workflow.TestSecurityAndBadStates" name="test_confirm_when_not_awaiting_returns_400" time="0.351" /><testcase classname="tests.test_iter22_reports_workflow.TestAwaitingConfirmFlow" name="test_status_awaiting_sends_notif_to_reporter" time="1.560" /><testcase classname="tests.test_iter22_reports_workflow.TestSecurityAndBadStates" name="test_invalid_status_in_patch" time="0.211" /><testcase classname="tests.test_iter22_reports_workflow.TestReporterConfirmsResolved" name="test_full_resolution_confirmed_by_reporter" time="0.620" /><testcase classname="tests.test_iter22_reports_workflow.TestAwaitingConfirmFlow" name="test_admin_reports_hydration" time="0.231" /><testcase classname="tests.test_iter22_reports_workflow.TestCreateReport" name="test_client_creates_report" time="0.100" /><testcase classname="tests.test_iter22_reports_workflow.TestReporterRejects" name="test_rejected_confirmation_reopens_report" time="0.553" /><testcase classname="tests.test_iter22_reports_workflow.TestDirectResolveRegression" name="test_open_investigating_resolved_chain" time="0.301" /></testsuite></testsuites>