<?xml version="1.0" encoding="utf-8"?><testsuites name="pytest tests"><testsuite name="pytest" errors="0" failures="0" skipped="0" tests="14" time="4.178" timestamp="2026-08-01T02:48:21.896984+00:00" hostname="agent-env-868fd53e-1f85-41aa-80f4-13c6ad7575b7"><testcase classname="tests.test_iter20_completion_reviews_password.TestForgotResetPassword" name="test_forgot_password_known_email_returns_dev_token" time="0.479" /><testcase classname="tests.test_iter20_completion_reviews_password.TestForgotResetPassword" name="test_forgot_password_unknown_email_no_leak" time="0.327" /><testcase classname="tests.test_iter20_completion_reviews_password.TestBookingCompletionAndReviews" name="test_create_and_accept_booking" time="1.778" /><testcase classname="tests.test_iter20_completion_reviews_password.TestForgotResetPassword" name="test_reset_password_with_valid_token_then_login_works" time="0.969" /><testcase classname="tests.test_iter20_completion_reviews_password.TestForgotResetPassword" name="test_reset_password_reused_token_returns_400" time="0.095" /><testcase classname="tests.test_iter20_completion_reviews_password.TestBookingCompletionAndReviews" name="test_client_confirms_first_status_stays_accepted" time="0.150" /><testcase classname="tests.test_iter20_completion_reviews_password.TestForgotResetPassword" name="test_reset_password_bogus_token_returns_400" time="0.102" /><testcase classname="tests.test_iter20_completion_reviews_password.TestBookingCompletionAndReviews" name="test_client_confirm_idempotent_returns_already" time="0.091" /><testcase classname="tests.test_iter20_completion_reviews_password.TestForgotResetPassword" name="test_restore_client_password_via_flow" time="1.054" /><testcase classname="tests.test_iter20_completion_reviews_password.TestBookingCompletionAndReviews" name="test_provider_confirms_second_status_completed" time="0.368" /><testcase classname="tests.test_iter20_completion_reviews_password.TestBookingCompletionAndReviews" name="test_get_booking_by_stranger_forbidden" time="0.098" /><testcase classname="tests.test_iter20_completion_reviews_password.TestBookingCompletionAndReviews" name="test_client_posts_review_updates_provider_rating" time="0.857" /><testcase classname="tests.test_iter20_completion_reviews_password.TestBookingCompletionAndReviews" name="test_double_review_same_booking_returns_400" time="0.101" /><testcase classname="tests.test_iter20_completion_reviews_password.TestBookingCompletionAndReviews" name="test_provider_cannot_review_own_booking" time="0.420" /></testsuite></testsuites>