<?xml version="1.0" encoding="utf-8"?><testsuites name="pytest tests"><testsuite name="pytest" errors="0" failures="0" skipped="0" tests="26" time="5.754" timestamp="2026-08-01T17:39:57.165461+00:00" hostname="agent-env-868fd53e-1f85-41aa-80f4-13c6ad7575b7"><testcase classname="tests.test_iter25_audit.TestBlockFlow" name="test_00_cleanup_unblock" time="1.925" /><testcase classname="tests.test_iter25_audit.TestBlockFlow" name="test_01_pro_visible_before_block" time="0.103" /><testcase classname="tests.test_iter25_audit.TestBlockFlow" name="test_02_block_success" time="0.102" /><testcase classname="tests.test_iter25_audit.TestBlockFlow" name="test_03_pro_hidden_after_block" time="0.104" /><testcase classname="tests.test_iter25_audit.TestBlockFlow" name="test_04_block_nonexistent_user_idempotent" time="0.202" /><testcase classname="tests.test_iter25_audit.TestBlockFlow" name="test_05_unblock_and_restore" time="0.201" /><testcase classname="tests.test_iter25_audit.TestAuth" name="test_login_ok" time="0.000" /><testcase classname="tests.test_iter25_audit.TestAuth" name="test_forgot_password" time="0.107" /><testcase classname="tests.test_iter25_audit.TestAuth" name="test_otp_request_dev" time="0.097" /><testcase classname="tests.test_iter25_audit.TestProviders" name="test_search_basic" time="0.101" /><testcase classname="tests.test_iter25_audit.TestProviders" name="test_search_filters" time="0.422" /><testcase classname="tests.test_iter25_audit.TestProviders" name="test_detail_masks_phone_email" time="0.209" /><testcase classname="tests.test_iter25_audit.TestChat" name="test_send_and_list" time="0.318" /><testcase classname="tests.test_iter25_audit.TestChat" name="test_sanitizer_phone_email" time="0.101" /><testcase classname="tests.test_iter25_audit.TestNotifs" name="test_list_and_mark_all" time="0.192" /><testcase classname="tests.test_iter25_audit.TestRides" name="test_search" time="0.105" /><testcase classname="tests.test_iter25_audit.TestFamily" name="test_babysitters" time="0.125" /><testcase classname="tests.test_iter25_audit.TestLegal" name="test_documents" time="0.097" /><testcase classname="tests.test_iter25_audit.TestAds" name="test_list" time="0.097" /><testcase classname="tests.test_iter25_audit.TestWallet" name="test_me" time="0.190" /><testcase classname="tests.test_iter25_audit.TestStripe" name="test_checkout_no_crash" time="0.342" /><testcase classname="tests.test_iter25_audit.TestReports" name="test_create" time="0.097" /><testcase classname="tests.test_iter25_audit.TestAdmin" name="test_crm_overview" time="0.114" /><testcase classname="tests.test_iter25_audit.TestAdmin" name="test_crm_users" time="0.106" /><testcase classname="tests.test_iter25_audit.TestAdmin" name="test_marketplace_stats" time="0.112" /><testcase classname="tests.test_iter25_audit.TestAdmin" name="test_staff_list" time="0.106" /></testsuite></testsuites>