<?xml version="1.0" encoding="utf-8"?><testsuites name="pytest tests"><testsuite name="pytest" errors="0" failures="0" skipped="0" tests="20" time="8.564" timestamp="2026-08-05T13:53:47.949882+00:00" hostname="agent-env-868fd53e-1f85-41aa-80f4-13c6ad7575b7"><testcase classname="tests.test_iter41_security_hardening.TestBasicAuth" name="test_register_returns_token_with_tv_zero" time="0.438" /><testcase classname="tests.test_iter41_security_hardening.TestBasicAuth" name="test_login_success_returns_token_with_tv_claim" time="0.233" /><testcase classname="tests.test_iter41_security_hardening.TestBasicAuth" name="test_login_wrong_password_returns_401" time="0.595" /><testcase classname="tests.test_iter41_security_hardening.TestBasicAuth" name="test_me_with_valid_token_returns_200" time="0.234" /><testcase classname="tests.test_iter41_security_hardening.TestBasicAuth" name="test_me_without_token_returns_401" time="0.007" /><testcase classname="tests.test_iter41_security_hardening.TestBasicAuth" name="test_me_with_corrupted_token_returns_401" time="0.007" /><testcase classname="tests.test_iter41_security_hardening.TestBasicAuth" name="test_me_with_malformed_bearer_returns_401" time="0.007" /><testcase classname="tests.test_iter41_security_hardening.TestBruteForce" name="test_five_failed_logins_lockout_429" time="1.527" /><testcase classname="tests.test_iter41_security_hardening.TestPasswordReset" name="test_forgot_returns_dev_token" time="0.520" /><testcase classname="tests.test_iter41_security_hardening.TestPasswordReset" name="test_reset_password_success_and_old_token_revoked" time="0.987" /><testcase classname="tests.test_iter41_security_hardening.TestPasswordReset" name="test_old_login_still_fails_after_reset" time="1.209" /><testcase classname="tests.test_iter41_security_hardening.TestAdminResetPassword" name="test_admin_reset_revokes_user_session" time="1.152" /><testcase classname="tests.test_iter41_security_hardening.TestRateLimiter" name="test_normal_traffic_not_blocked" time="0.382" /><testcase classname="tests.test_iter41_security_hardening.TestTimezoneAwareBruteForce" name="test_legacy_naive_locked_until_does_not_crash" time="0.619" /><testcase classname="tests.test_iter41_security_hardening.TestCORS" name="test_cors_options_allowed_origin" time="0.007" /><testcase classname="tests.test_iter41_security_hardening.TestCORS" name="test_cors_options_disallowed_origin" time="0.007" /><testcase classname="tests.test_iter41_security_hardening.TestAdminGuards" name="test_admin_endpoint_without_auth_401" time="0.007" /><testcase classname="tests.test_iter41_security_hardening.TestAdminGuards" name="test_admin_endpoint_with_client_token_403" time="0.234" /><testcase classname="tests.test_iter41_security_hardening.TestAdminGuards" name="test_admin_reset_password_without_auth_401" time="0.007" /><testcase classname="tests.test_iter41_security_hardening.TestAdminGuards" name="test_admin_reset_password_with_client_token_403" time="0.235" /></testsuite></testsuites>