<?xml version="1.0" encoding="utf-8"?><testsuites name="pytest tests"><testsuite name="pytest" errors="0" failures="0" skipped="0" tests="12" time="2.646" timestamp="2026-08-03T01:27:56.490428+00:00" hostname="agent-env-868fd53e-1f85-41aa-80f4-13c6ad7575b7"><testcase classname="tests.test_iter32_family_reviews.TestFamilyReviews" name="test_1_invalid_booking_id_404" time="0.350" /><testcase classname="tests.test_iter32_family_reviews.TestFamilyReviews" name="test_2_forbidden_for_sitter" time="0.524" /><testcase classname="tests.test_iter32_family_reviews.TestFamilyReviews" name="test_3_confirmed_only_400" time="0.130" /><testcase classname="tests.test_iter32_family_reviews.TestFamilyReviews" name="test_4_valid_post_review" time="0.044" /><testcase classname="tests.test_iter32_family_reviews.TestFamilyReviews" name="test_5_babysitter_rating_recomputed" time="0.042" /><testcase classname="tests.test_iter32_family_reviews.TestFamilyReviews" name="test_6_notification_review_received" time="0.043" /><testcase classname="tests.test_iter32_family_reviews.TestFamilyReviews" name="test_7_duplicate_review_400" time="0.042" /><testcase classname="tests.test_iter32_family_reviews.TestFamilyReviews" name="test_8_rating_bounds_422" time="0.299" /><testcase classname="tests.test_iter32_family_reviews.TestFamilyReviews" name="test_9_empty_comment_accepted" time="0.217" /><testcase classname="tests.test_iter32_family_reviews.TestFamilyReviews" name="test_10_public_list_reviews" time="0.042" /><testcase classname="tests.test_iter32_family_reviews.TestFamilyReviews" name="test_11_eligibility_already_reviewed" time="0.042" /><testcase classname="tests.test_iter32_family_reviews.TestFamilyReviews" name="test_12_self_review_guard" time="0.379" /></testsuite></testsuites>