<?xml version="1.0" encoding="utf-8"?><testsuites name="pytest tests"><testsuite name="pytest" errors="0" failures="0" skipped="0" tests="13" time="3.382" timestamp="2026-08-07T03:19:50.348259+00:00" hostname="agent-env-868fd53e-1f85-41aa-80f4-13c6ad7575b7"><testcase classname="tests.test_iter47_marketplace_ext.TestRepublish" name="test_republish_expired_request" time="0.917" /><testcase classname="tests.test_iter47_marketplace_ext.TestAutoBookingExtension" name="test_setup_request" time="0.652" /><testcase classname="tests.test_iter47_marketplace_ext.TestAutoBookingExtension" name="test_offer_1_from_pro" time="0.457" /><testcase classname="tests.test_iter47_marketplace_ext.TestAutoBookingExtension" name="test_offer_2_from_admin" time="0.466" /><testcase classname="tests.test_iter47_marketplace_ext.TestAutoBookingExtension" name="test_accept_creates_booking_and_closes_losers" time="0.127" /><testcase classname="tests.test_iter47_marketplace_ext.TestAutoBookingExtension" name="test_request_transitioned_to_booked" time="0.139" /><testcase classname="tests.test_iter47_marketplace_ext.TestAutoBookingExtension" name="test_losing_offer_is_withdrawn" time="0.135" /><testcase classname="tests.test_iter47_marketplace_ext.TestAutoBookingExtension" name="test_booking_persisted_in_db" time="0.002" /><testcase classname="tests.test_iter47_marketplace_ext.TestAutoBookingExtension" name="test_notif_offer_accepted_for_driver" time="0.501" /><testcase classname="tests.test_iter47_marketplace_ext.TestAutoBookingExtension" name="test_notif_offer_closed_for_losing_driver" time="0.001" /><testcase classname="tests.test_iter47_marketplace_ext.TestAutoBookingExtension" name="test_notif_booking_created_for_passenger" time="0.001" /><testcase classname="tests.test_iter47_marketplace_ext.TestAutoBookingExtension" name="test_double_accept_protection" time="0.108" /><testcase classname="tests.test_iter47_marketplace_ext.TestAutoBookingExtension" name="test_accept_withdrawn_offer_also_fails" time="0.091" /></testsuite></testsuites>