<?xml version="1.0" encoding="utf-8"?><testsuites name="pytest tests"><testsuite name="pytest" errors="0" failures="0" skipped="0" tests="22" time="7.969" timestamp="2026-08-04T15:59:47.988677+00:00" hostname="agent-env-868fd53e-1f85-41aa-80f4-13c6ad7575b7"><testcase classname="tests.test_crm_push_campaigns.TestDashboard" name="test_dashboard_structure" time="0.707" /><testcase classname="tests.test_crm_push_campaigns.TestSegmentPreview" name="test_all" time="0.125" /><testcase classname="tests.test_crm_push_campaigns.TestSegmentPreview" name="test_clients" time="0.120" /><testcase classname="tests.test_crm_push_campaigns.TestSegmentPreview" name="test_prestataires" time="0.166" /><testcase classname="tests.test_crm_push_campaigns.TestSegmentPreview" name="test_verified" time="0.134" /><testcase classname="tests.test_crm_push_campaigns.TestSegmentPreview" name="test_unverified" time="0.120" /><testcase classname="tests.test_crm_push_campaigns.TestSegmentPreview" name="test_category" time="0.134" /><testcase classname="tests.test_crm_push_campaigns.TestSegmentPreview" name="test_city_dakar_case_insensitive" time="0.239" /><testcase classname="tests.test_crm_push_campaigns.TestSegmentPreview" name="test_new_signups" time="0.114" /><testcase classname="tests.test_crm_push_campaigns.TestSegmentPreview" name="test_inactive" time="0.157" /><testcase classname="tests.test_crm_push_campaigns.TestSegmentPreview" name="test_manual" time="0.145" /><testcase classname="tests.test_crm_push_campaigns.TestTemplates" name="test_default_templates_seeded" time="0.149" /><testcase classname="tests.test_crm_push_campaigns.TestTemplates" name="test_template_crud_and_default_protection" time="0.686" /><testcase classname="tests.test_crm_push_campaigns.TestCampaigns" name="test_full_lifecycle" time="1.161" /><testcase classname="tests.test_crm_push_campaigns.TestAccessControl" name="test_non_admin_forbidden[GET-/admin/push/dashboard-None]" time="0.476" /><testcase classname="tests.test_crm_push_campaigns.TestAccessControl" name="test_non_admin_forbidden[POST-/admin/push/preview-body1]" time="0.126" /><testcase classname="tests.test_crm_push_campaigns.TestAccessControl" name="test_non_admin_forbidden[GET-/admin/push/campaigns-None]" time="0.158" /><testcase classname="tests.test_crm_push_campaigns.TestAccessControl" name="test_non_admin_forbidden[GET-/admin/push/templates-None]" time="0.149" /><testcase classname="tests.test_crm_push_campaigns.TestAutoTriggers" name="test_chat_message_still_200" time="0.624" /><testcase classname="tests.test_crm_push_campaigns.TestAutoTriggers" name="test_booking_patch_accepted" time="1.162" /><testcase classname="tests.test_crm_push_campaigns.TestAutoTriggers" name="test_kyc_approve_or_reject_returns_200" time="0.255" /><testcase classname="tests.test_crm_push_campaigns.TestRegisterPush" name="test_register_persists_in_db" time="0.773" /></testsuite></testsuites>