<?xml version="1.0" encoding="utf-8"?><testsuites name="pytest tests"><testsuite name="pytest" errors="0" failures="0" skipped="0" tests="11" time="3.439" timestamp="2026-08-01T01:43:22.178241+00:00" hostname="agent-env-868fd53e-1f85-41aa-80f4-13c6ad7575b7"><testcase classname="tests.test_iter17_payments_password_badges.TestRegression" name="test_rides_list" time="0.105" /><testcase classname="tests.test_iter17_payments_password_badges.TestRegression" name="test_family_babysitters_list" time="0.223" /><testcase classname="tests.test_iter17_payments_password_badges.TestChangePassword" name="test_wrong_current_returns_400" time="0.650" /><testcase classname="tests.test_iter17_payments_password_badges.TestChangePassword" name="test_same_password_returns_400" time="0.445" /><testcase classname="tests.test_iter17_payments_password_badges.TestRegression" name="test_bookings_mine" time="0.768" /><testcase classname="tests.test_iter17_payments_password_badges.TestChangePassword" name="test_change_password_valid_and_restore" time="1.834" /><testcase classname="tests.test_iter17_payments_password_badges.TestRegression" name="test_family_bookings_mine" time="0.095" /><testcase classname="tests.test_iter17_payments_password_badges.TestPaymentsMine" name="test_payments_mine_requires_auth" time="0.468" /><testcase classname="tests.test_iter17_payments_password_badges.TestPaymentsMine" name="test_payments_mine_returns_list" time="0.119" /><testcase classname="tests.test_iter17_payments_password_badges.TestUnreadBadges" name="test_conversations_has_unread_field" time="0.097" /><testcase classname="tests.test_iter17_payments_password_badges.TestUnreadBadges" name="test_notifications_has_read_boolean" time="0.106" /></testsuite></testsuites>