<?xml version="1.0" encoding="utf-8"?><testsuites name="pytest tests"><testsuite name="pytest" errors="0" failures="0" skipped="0" tests="12" time="9.752" timestamp="2026-08-04T12:25:58.721458+00:00" hostname="agent-env-868fd53e-1f85-41aa-80f4-13c6ad7575b7"><testcase classname="tests.test_iter34_booking_status_refresh.TestBookingListRefetchBug" name="test_1_client_active_role_is_client" time="1.727" /><testcase classname="tests.test_iter34_booking_status_refresh.TestBookingListRefetchBug" name="test_2_provider_active_role_is_prestataire" time="0.121" /><testcase classname="tests.test_iter34_booking_status_refresh.TestBookingListRefetchBug" name="test_3_client_creates_booking_pending" time="1.300" /><testcase classname="tests.test_iter34_booking_status_refresh.TestBookingListRefetchBug" name="test_4_provider_accepts_then_client_sees_accepted" time="0.249" /><testcase classname="tests.test_iter34_booking_status_refresh.TestBookingListRefetchBug" name="test_5_sort_desc_and_limit_ok" time="0.118" /><testcase classname="tests.test_iter34_booking_status_refresh.TestBookingListRefetchBug" name="test_6_reject_flow_visible_client_side" time="1.397" /><testcase classname="tests.test_iter34_booking_status_refresh.TestBookingListRefetchBug" name="test_7_accept_then_complete_visible_client_side" time="1.453" /><testcase classname="tests.test_iter34_booking_status_refresh.TestBookingListRefetchBug" name="test_8_role_filter_client_does_not_see_others_bookings" time="0.296" /><testcase classname="tests.test_iter34_booking_status_refresh.TestBookingListRefetchBug" name="test_9_provider_only_sees_provider_side_bookings" time="0.258" /><testcase classname="tests.test_iter34_booking_status_refresh.TestBookingListRefetchBug" name="test_10_notification_created_for_client_on_accept" time="1.248" /><testcase classname="tests.test_iter34_booking_status_refresh.TestBookingListRefetchBug" name="test_11_no_mongo_id_leak" time="0.117" /><testcase classname="tests.test_iter34_booking_status_refresh.TestBookingListRefetchBug" name="test_12_final_state_rejects_further_transitions" time="1.123" /></testsuite></testsuites>