<?xml version="1.0" encoding="utf-8"?><testsuites name="pytest tests"><testsuite name="pytest" errors="0" failures="0" skipped="0" tests="8" time="4.906" timestamp="2026-08-02T22:53:32.776034+00:00" hostname="agent-env-868fd53e-1f85-41aa-80f4-13c6ad7575b7"><testcase classname="tests.test_iter29_cross_module_audit" name="test_cascade_1_booking_created" time="0.708" /><testcase classname="tests.test_iter29_cross_module_audit" name="test_cascade_3_cash_payment" time="0.715" /><testcase classname="tests.test_iter29_cross_module_audit" name="test_cascade_4_cancellation_rollback" time="0.701" /><testcase classname="tests.test_iter29_cross_module_audit" name="test_cascade_5_completion_and_review_gating" time="0.478" /><testcase classname="tests.test_iter29_cross_module_audit" name="test_cascade_6_review_recompute" time="0.473" /><testcase classname="tests.test_iter29_cross_module_audit" name="test_cascade_7_provider_edit_stale_bookings" time="0.934" /><testcase classname="tests.test_iter29_cross_module_audit" name="test_cascade_9_account_deletion_cleanup" time="0.474" /><testcase classname="tests.test_iter29_cross_module_audit" name="test_cascade_10_notif_types_analysis" time="0.091" /></testsuite></testsuites>