<?xml version="1.0" encoding="utf-8"?><testsuites name="pytest tests"><testsuite name="pytest" errors="0" failures="0" skipped="0" tests="9" time="1.826" timestamp="2026-08-01T00:02:36.874328+00:00" hostname="agent-env-868fd53e-1f85-41aa-80f4-13c6ad7575b7"><testcase classname="tests.test_iter15_display_duration_and_flows.TestAdsDisplayDuration" name="test_1_create_ad_with_duration_7000" time="0.587" /><testcase classname="tests.test_iter15_display_duration_and_flows.TestPromoPartnerDeleteRegression" name="test_promo_delete_regression" time="0.748" /><testcase classname="tests.test_iter15_display_duration_and_flows.TestAdsDisplayDuration" name="test_2_duration_persists_in_admin_list" time="0.052" /><testcase classname="tests.test_iter15_display_duration_and_flows.TestAdsDisplayDuration" name="test_3_create_ad_without_duration_legacy" time="0.095" /><testcase classname="tests.test_iter15_display_duration_and_flows.TestAdsDisplayDuration" name="test_4_delete_ad" time="0.102" /><testcase classname="tests.test_iter15_display_duration_and_flows.TestPromoPartnerDeleteRegression" name="test_partner_delete_regression" time="0.094" /><testcase classname="tests.test_iter15_display_duration_and_flows.TestAdsDisplayDuration" name="test_5_cleanup" time="0.273" /><testcase classname="tests.test_iter15_display_duration_and_flows.TestFamilyBookingAuth" name="test_family_bookings_never_401_when_auth" time="0.683" /><testcase classname="tests.test_iter15_display_duration_and_flows.TestParcelAuth" name="test_parcel_never_401_when_auth" time="0.390" /></testsuite></testsuites>