<?xml version="1.0" encoding="utf-8"?><testsuites name="pytest tests"><testsuite name="pytest" errors="0" failures="0" skipped="0" tests="12" time="6.275" timestamp="2026-08-02T23:05:48.976057+00:00" hostname="agent-env-868fd53e-1f85-41aa-80f4-13c6ad7575b7"><testcase classname="tests.test_iter30_retest_fixes" name="test_c1_review_gating_pending_then_completed" time="0.480" /><testcase classname="tests.test_iter30_retest_fixes" name="test_c2_transitions_from_completed_blocked" time="0.470" /><testcase classname="tests.test_iter30_retest_fixes" name="test_c2_transitions_from_rejected_blocked" time="0.462" /><testcase classname="tests.test_iter30_retest_fixes" name="test_c2_transitions_from_cancelled_blocked" time="0.462" /><testcase classname="tests.test_iter30_retest_fixes" name="test_c2_valid_transitions_still_ok" time="0.469" /><testcase classname="tests.test_iter30_retest_fixes" name="test_c3_upsert_preserves_rating_and_reviews" time="0.952" /><testcase classname="tests.test_iter30_retest_fixes" name="test_c3_new_provider_initializes_to_zero" time="0.232" /><testcase classname="tests.test_iter30_retest_fixes" name="test_c4_cash_cancel_rollback_commission" time="0.476" /><testcase classname="tests.test_iter30_retest_fixes" name="test_m5_cash_payment_notifies_client" time="0.466" /><testcase classname="tests.test_iter30_retest_fixes" name="test_m6_delete_purges_all_collections" time="0.272" /><testcase classname="tests.test_iter30_retest_fixes" name="test_m7_cash_payment_sets_paid_true" time="0.466" /><testcase classname="tests.test_iter30_retest_fixes" name="test_b9_both_parties_receive_booking_completed" time="0.616" /></testsuite></testsuites>