<?xml version="1.0" encoding="utf-8"?><testsuites name="pytest tests"><testsuite name="pytest" errors="0" failures="0" skipped="0" tests="21" time="4.534" timestamp="2026-08-04T12:58:56.529499+00:00" hostname="agent-env-868fd53e-1f85-41aa-80f4-13c6ad7575b7"><testcase classname="tests.test_iter35_sponsorships.TestAdminPrices" name="test_admin_get_prices" time="0.650" /><testcase classname="tests.test_iter35_sponsorships.TestSponsorshipLifecycle" name="test_create_sponsorship_pending" time="0.935" /><testcase classname="tests.test_iter35_sponsorships.TestSponsorshipLifecycle" name="test_checkout_card_stripe_session" time="0.693" /><testcase classname="tests.test_iter35_sponsorships.TestAdminPrices" name="test_admin_get_prices_forbidden_for_pro" time="0.946" /><testcase classname="tests.test_iter35_sponsorships.TestAdminPrices" name="test_admin_get_prices_forbidden_for_anon" time="0.157" /><testcase classname="tests.test_iter35_sponsorships.TestSponsorshipLifecycle" name="test_checkout_other_user_returns_404" time="0.066" /><testcase classname="tests.test_iter35_sponsorships.TestSponsorshipLifecycle" name="test_checkout_wave_expected_503_or_ok" time="0.075" /><testcase classname="tests.test_iter35_sponsorships.TestAdminPrices" name="test_admin_update_prices_success_and_reflected" time="0.300" /><testcase classname="tests.test_iter35_sponsorships.TestSponsorshipLifecycle" name="test_checkout_orange_expected_503_or_ok" time="0.060" /><testcase classname="tests.test_iter35_sponsorships.TestSponsorshipLifecycle" name="test_get_mine_includes_new_doc" time="0.049" /><testcase classname="tests.test_iter35_sponsorships.TestSponsorshipLifecycle" name="test_admin_list_full_history" time="0.068" /><testcase classname="tests.test_iter35_sponsorships.TestSponsorshipLifecycle" name="test_admin_list_forbidden_for_pro" time="0.062" /><testcase classname="tests.test_iter35_sponsorships.TestPublicPrices" name="test_get_prices_default_shape" time="0.181" /><testcase classname="tests.test_iter35_sponsorships.TestAdminPrices" name="test_admin_update_prices_negative_amount_400" time="0.073" /><testcase classname="tests.test_iter35_sponsorships.TestAdminPrices" name="test_admin_update_prices_invalid_days_400" time="0.072" /><testcase classname="tests.test_iter35_sponsorships.TestPublicPrices" name="test_get_prices_no_auth_required" time="0.230" /><testcase classname="tests.test_iter35_sponsorships.TestAdminPrices" name="test_admin_update_prices_non_admin_403" time="0.071" /><testcase classname="tests.test_iter35_sponsorships.TestAdminPrices" name="test_admin_update_prices_empty_body_400" time="0.071" /><testcase classname="tests.test_iter35_sponsorships.TestAdminPrices" name="test_admin_reset_prices_to_defaults" time="0.379" /><testcase classname="tests.test_iter35_sponsorships.TestGiftActivation" name="test_gift_activates_and_notifies" time="0.816" /><testcase classname="tests.test_iter35_sponsorships.TestAutoExpiration" name="test_stale_active_becomes_expired_on_list" time="0.843" /></testsuite></testsuites>