<?xml version="1.0" encoding="utf-8"?><testsuites name="pytest tests"><testsuite name="pytest" errors="0" failures="0" skipped="0" tests="14" time="3.832" timestamp="2026-08-04T14:53:13.080618+00:00" hostname="agent-env-868fd53e-1f85-41aa-80f4-13c6ad7575b7"><testcase classname="tests.test_no_stripe_sn" name="test_payments_config_public_no_stripe" time="0.196" /><testcase classname="tests.test_no_stripe_sn" name="test_checkout_booking_returns_503_no_stripe" time="1.414" /><testcase classname="tests.test_no_stripe_sn" name="test_checkout_subscription_returns_503" time="0.363" /><testcase classname="tests.test_no_stripe_sn" name="test_payments_status_returns_503_stripe_disabled" time="0.066" /><testcase classname="tests.test_no_stripe_sn" name="test_sponsorship_checkout_card_returns_503" time="0.145" /><testcase classname="tests.test_no_stripe_sn" name="test_sponsorship_checkout_wave_returns_503_no_key" time="0.068" /><testcase classname="tests.test_no_stripe_sn" name="test_sponsorship_checkout_orange_returns_503_no_key" time="0.065" /><testcase classname="tests.test_no_stripe_sn" name="test_login_admin_ok" time="0.288" /><testcase classname="tests.test_no_stripe_sn" name="test_login_client_ok" time="0.293" /><testcase classname="tests.test_no_stripe_sn" name="test_login_pro_ok" time="0.294" /><testcase classname="tests.test_no_stripe_sn" name="test_providers_list_ok" time="0.066" /><testcase classname="tests.test_no_stripe_sn" name="test_booking_created_persists" time="0.066" /><testcase classname="tests.test_no_stripe_sn" name="test_dashboard_pro_ok" time="0.066" /><testcase classname="tests.test_no_stripe_sn" name="test_admin_company_info_ok" time="0.358" /></testsuite></testsuites>