<?xml version="1.0" encoding="utf-8"?><testsuites name="pytest tests"><testsuite name="pytest" errors="0" failures="0" skipped="0" tests="13" time="2.919" timestamp="2026-08-04T15:39:54.701444+00:00" hostname="agent-env-868fd53e-1f85-41aa-80f4-13c6ad7575b7"><testcase classname="tests.test_iter38_push_notifications.TestRegisterPush" name="test_endpoint_exists_valid_body" time="0.328" /><testcase classname="tests.test_iter38_push_notifications.TestRegisterPush" name="test_missing_platform_returns_422" time="0.130" /><testcase classname="tests.test_iter38_push_notifications.TestRegisterPush" name="test_missing_device_token_returns_422" time="0.169" /><testcase classname="tests.test_iter38_push_notifications.TestSponsorshipAdminGiftNonRegression" name="test_create_sponsorship_pending" time="0.574" /><testcase classname="tests.test_iter38_push_notifications.TestRegisterPush" name="test_missing_user_id_returns_422" time="0.144" /><testcase classname="tests.test_iter38_push_notifications.TestRegisterPush" name="test_empty_body_returns_422" time="0.106" /><testcase classname="tests.test_iter38_push_notifications.TestSponsorshipAdminGiftNonRegression" name="test_admin_gift_activates" time="0.579" /><testcase classname="tests.test_iter38_push_notifications.TestSponsorshipAdminGiftNonRegression" name="test_provider_has_sponsored_until" time="0.115" /><testcase classname="tests.test_iter38_push_notifications.TestSponsorshipAdminGiftNonRegression" name="test_internal_notification_created" time="0.077" /><testcase classname="tests.test_iter38_push_notifications.TestChatNonRegression" name="test_send_message_still_ok" time="0.548" /><testcase classname="tests.test_iter38_push_notifications.TestBookingNonRegression" name="test_booking_created" time="1.336" /><testcase classname="tests.test_iter38_push_notifications.TestBookingNonRegression" name="test_booking_quote_amount" time="0.223" /><testcase classname="tests.test_iter38_push_notifications.TestBookingNonRegression" name="test_booking_accept" time="0.144" /></testsuite></testsuites>