<?xml version="1.0" encoding="utf-8"?><testsuites name="pytest tests"><testsuite name="pytest" errors="0" failures="1" skipped="0" tests="14" time="1.972" timestamp="2026-08-03T01:08:02.785051+00:00" hostname="agent-env-868fd53e-1f85-41aa-80f4-13c6ad7575b7"><testcase classname="tests.test_iter31_rating_system" name="test_02_missing_booking_id" time="0.496" /><testcase classname="tests.test_iter31_rating_system" name="test_03_booking_id_bogus" time="0.002" /><testcase classname="tests.test_iter31_rating_system" name="test_04_provider_cannot_review" time="0.002" /><testcase classname="tests.test_iter31_rating_system" name="test_05_pending_booking_rejected" time="0.002" /><testcase classname="tests.test_iter31_rating_system" name="test_06_valid_review" time="0.015" /><testcase classname="tests.test_iter31_rating_system" name="test_07_provider_rating_recomputed" time="0.004" /><testcase classname="tests.test_iter31_rating_system" name="test_08_review_received_notification" time="0.504" /><testcase classname="tests.test_iter31_rating_system" name="test_09_double_review_rejected" time="0.003" /><testcase classname="tests.test_iter31_rating_system" name="test_10_rating_zero_rejected" time="0.002" /><testcase classname="tests.test_iter31_rating_system" name="test_11_rating_six_rejected" time="0.002" /><testcase classname="tests.test_iter31_rating_system" name="test_12_empty_comment_allowed" time="0.016" /><testcase classname="tests.test_iter31_rating_system" name="test_13_self_review_edge_case" time="0.090"><failure message="AssertionError: Attendu 400, obtenu 404: {&quot;detail&quot;:&quot;Réservation introuvable&quot;}&#10;assert 404 == 400&#10; +  where 404 = &lt;Response [404]&gt;.status_code">backend/tests/test_iter31_rating_system.py:242: in test_13_self_review_edge_case
    assert r.status_code == 400, f"Attendu 400, obtenu {r.status_code}: {r.text}"
E   AssertionError: Attendu 400, obtenu 404: {"detail":"Réservation introuvable"}
E   assert 404 == 400
E    +  where 404 = &lt;Response [404]&gt;.status_code</failure></testcase><testcase classname="tests.test_iter31_rating_system" name="test_14_list_reviews_public" time="0.002" /><testcase classname="tests.test_iter31_rating_system" name="test_15_eligibility_endpoint" time="0.020" /></testsuite></testsuites>