<?xml version="1.0" encoding="utf-8"?><testsuites name="pytest tests"><testsuite name="pytest" errors="0" failures="0" skipped="0" tests="16" time="9.417" timestamp="2026-07-31T19:10:19.369933+00:00" hostname="agent-env-868fd53e-1f85-41aa-80f4-13c6ad7575b7"><testcase classname="tests.test_marketplace_protection" name="test_1_message_filter_phone_and_social" time="0.588" /><testcase classname="tests.test_marketplace_protection" name="test_2_message_filter_email" time="0.111" /><testcase classname="tests.test_marketplace_protection" name="test_3_message_filter_obfuscated_digits" time="0.136" /><testcase classname="tests.test_marketplace_protection" name="test_4_message_filter_hint" time="0.104" /><testcase classname="tests.test_marketplace_protection" name="test_5_message_clean" time="0.110" /><testcase classname="tests.test_marketplace_protection" name="test_6_provider_list_masks_phones" time="0.115" /><testcase classname="tests.test_marketplace_protection" name="test_7_provider_detail_masked_for_client" time="0.102" /><testcase classname="tests.test_marketplace_protection" name="test_8_wallet_me" time="0.113" /><testcase classname="tests.test_marketplace_protection" name="test_9_cash_payment_flow" time="1.958" /><testcase classname="tests.test_marketplace_protection" name="test_10_auto_block_on_debt" time="4.624" /><testcase classname="tests.test_marketplace_protection" name="test_11_admin_marketplace_stats" time="0.102" /><testcase classname="tests.test_marketplace_protection" name="test_12_admin_fraud_alerts" time="0.115" /><testcase classname="tests.test_marketplace_protection" name="test_13_regression_chat_messages" time="0.096" /><testcase classname="tests.test_marketplace_protection" name="test_13_regression_list_conversations" time="0.104" /><testcase classname="tests.test_marketplace_protection" name="test_13_regression_booking_normal" time="0.857" /><testcase classname="tests.test_marketplace_protection" name="test_13_regression_provider_detail_admin" time="0.104" /></testsuite></testsuites>