<?xml version="1.0" encoding="utf-8"?><testsuites name="pytest tests"><testsuite name="pytest" errors="0" failures="0" skipped="0" tests="24" time="5.102" timestamp="2026-07-31T19:19:39.473388+00:00" hostname="agent-env-868fd53e-1f85-41aa-80f4-13c6ad7575b7"><testcase classname="tests.test_notifications_crm.TestRegression" name="test_wallet_me" time="0.974" /><testcase classname="tests.test_notifications_crm.TestPushToken" name="test_register_new" time="1.311" /><testcase classname="tests.test_notifications_crm.TestRegression" name="test_notifications_list" time="0.437" /><testcase classname="tests.test_notifications_crm.TestPushToken" name="test_register_idempotent" time="0.109" /><testcase classname="tests.test_notifications_crm.TestPushToken" name="test_register_no_token" time="0.313" /><testcase classname="tests.test_notifications_crm.TestRegression" name="test_admin_stats_marketplace" time="0.457" /><testcase classname="tests.test_notifications_crm.TestPushToken" name="test_delete_specific_token" time="0.310" /><testcase classname="tests.test_notifications_crm.TestRegression" name="test_admin_fraud_alerts" time="0.115" /><testcase classname="tests.test_notifications_crm.TestRegression" name="test_providers_list" time="0.100" /><testcase classname="tests.test_notifications_crm.TestPushToken" name="test_delete_all_tokens" time="0.278" /><testcase classname="tests.test_notifications_crm.TestRegression" name="test_chat_messages" time="0.222" /><testcase classname="tests.test_notifications_crm.TestRegression" name="test_delete_users_me_available" time="0.896" /><testcase classname="tests.test_notifications_crm.TestAdminCrmUsers" name="test_list_default" time="0.755" /><testcase classname="tests.test_notifications_crm.TestAdminCrmUsers" name="test_pagination" time="0.101" /><testcase classname="tests.test_notifications_crm.TestAdminCrmUsers" name="test_filter_role_prestataire" time="0.098" /><testcase classname="tests.test_notifications_crm.TestRegression" name="test_users_block_admin" time="0.460" /><testcase classname="tests.test_notifications_crm.TestAdminCrmUsers" name="test_search_admin" time="0.275" /><testcase classname="tests.test_notifications_crm.TestAdminCrmUsers" name="test_no_password_hash_leak" time="0.110" /><testcase classname="tests.test_notifications_crm.TestAdminCrmOverview" name="test_overview_as_admin" time="0.108" /><testcase classname="tests.test_notifications_crm.TestAdminCrmOverview" name="test_overview_forbidden_non_admin" time="0.677" /><testcase classname="tests.test_notifications_crm.TestNotifPrefsPatch" name="test_patch_and_merge" time="0.282" /><testcase classname="tests.test_notifications_crm.TestNotifPrefsInvalid" name="test_empty_body" time="0.886" /><testcase classname="tests.test_notifications_crm.TestNotifPrefsInvalid" name="test_unknown_keys" time="0.128" /><testcase classname="tests.test_notifications_crm.TestNotifPrefsDefault" name="test_get_default_prefs" time="0.114" /></testsuite></testsuites>