<?xml version="1.0" encoding="utf-8"?><testsuites name="pytest tests"><testsuite name="pytest" errors="0" failures="3" skipped="0" tests="42" time="4.822" timestamp="2026-07-29T18:12:40.848637+00:00" hostname="agent-env-868fd53e-1f85-41aa-80f4-13c6ad7575b7"><testcase classname="tests.backend_test.TestHealthAndSeed" name="test_root" time="0.263" /><testcase classname="tests.backend_test.TestHealthAndSeed" name="test_seed" time="0.093" /><testcase classname="tests.backend_test.TestHealthAndSeed" name="test_services_catalog" time="0.066" /><testcase classname="tests.backend_test.TestAuth" name="test_login_client" time="0.283" /><testcase classname="tests.backend_test.TestAuth" name="test_login_pro" time="0.293" /><testcase classname="tests.backend_test.TestAuth" name="test_login_wrong_password" time="0.499" /><testcase classname="tests.backend_test.TestAuth" name="test_me" time="0.065" /><testcase classname="tests.backend_test.TestAuth" name="test_me_missing_token" time="0.064" /><testcase classname="tests.backend_test.TestAuth" name="test_register_new_user" time="0.285"><failure message="AssertionError: assert 'test_b1432d84@jokoo.sn' == 'TEST_b1432d84@jokoo.sn'&#10;  &#10;  - TEST_b1432d84@jokoo.sn&#10;  ? ^^^^&#10;  + test_b1432d84@jokoo.sn&#10;  ? ^^^^">backend/tests/backend_test.py:101: in test_register_new_user
    assert r.json()["user"]["email"] == email
E   AssertionError: assert 'test_b1432d84@jokoo.sn' == 'TEST_b1432d84@jokoo.sn'
E     
E     - TEST_b1432d84@jokoo.sn
E     ? ^^^^
E     + test_b1432d84@jokoo.sn
E     ? ^^^^</failure></testcase><testcase classname="tests.backend_test.TestAuth" name="test_register_duplicate" time="0.078" /><testcase classname="tests.backend_test.TestProviders" name="test_list_all" time="0.070" /><testcase classname="tests.backend_test.TestProviders" name="test_filter_service" time="0.061" /><testcase classname="tests.backend_test.TestProviders" name="test_filter_city" time="0.066" /><testcase classname="tests.backend_test.TestProviders" name="test_search_q" time="0.067" /><testcase classname="tests.backend_test.TestProviders" name="test_sort_rating" time="0.067" /><testcase classname="tests.backend_test.TestProviders" name="test_sort_price" time="0.068" /><testcase classname="tests.backend_test.TestProviders" name="test_get_provider_details" time="0.065" /><testcase classname="tests.backend_test.TestProviders" name="test_get_provider_404" time="0.065" /><testcase classname="tests.backend_test.TestProviders" name="test_upsert_provider_profile" time="0.068" /><testcase classname="tests.backend_test.TestProviders" name="test_upsert_provider_forbidden_client" time="0.066" /><testcase classname="tests.backend_test.TestBookings" name="test_client_create_booking" time="0.133" /><testcase classname="tests.backend_test.TestBookings" name="test_booking_listed_by_client" time="0.068" /><testcase classname="tests.backend_test.TestBookings" name="test_client_creates_booking_for_pro_user" time="0.065" /><testcase classname="tests.backend_test.TestBookings" name="test_pro_lists_booking" time="0.081" /><testcase classname="tests.backend_test.TestBookings" name="test_pro_accepts_booking" time="0.065" /><testcase classname="tests.backend_test.TestBookings" name="test_pro_completes_booking" time="0.063" /><testcase classname="tests.backend_test.TestBookings" name="test_client_cannot_accept" time="0.068" /><testcase classname="tests.backend_test.TestReviews" name="test_create_review" time="0.065" /><testcase classname="tests.backend_test.TestReviews" name="test_provider_rating_recomputed" time="0.067" /><testcase classname="tests.backend_test.TestFavorites" name="test_add_favorite" time="0.120" /><testcase classname="tests.backend_test.TestFavorites" name="test_list_favorites" time="0.066" /><testcase classname="tests.backend_test.TestFavorites" name="test_remove_favorite" time="0.135" /><testcase classname="tests.backend_test.TestChat" name="test_send_message_client_to_pro" time="0.080" /><testcase classname="tests.backend_test.TestChat" name="test_pro_receives_message" time="0.065" /><testcase classname="tests.backend_test.TestChat" name="test_conversations" time="0.063" /><testcase classname="tests.backend_test.TestNotifications" name="test_pro_has_notifications" time="0.068" /><testcase classname="tests.backend_test.TestNotifications" name="test_read_all" time="0.144" /><testcase classname="tests.backend_test.TestDashboard" name="test_pro_dashboard" time="0.066" /><testcase classname="tests.backend_test.TestDashboard" name="test_client_dashboard_forbidden" time="0.059" /><testcase classname="tests.backend_test.TestPayments" name="test_booking_checkout" time="0.373"><failure message="AssertionError: {&quot;detail&quot;:&quot;Paiement indisponible: Invalid API Key provided: sk_test_****gent&quot;}&#10;assert 500 == 200&#10; +  where 500 = &lt;Response [500]&gt;.status_code">backend/tests/backend_test.py:346: in test_booking_checkout
    assert r.status_code == 200, r.text
E   AssertionError: {"detail":"Paiement indisponible: Invalid API Key provided: sk_test_****gent"}
E   assert 500 == 200
E    +  where 500 = &lt;Response [500]&gt;.status_code</failure></testcase><testcase classname="tests.backend_test.TestPayments" name="test_subscription_checkout" time="0.094"><failure message="AssertionError: {&quot;detail&quot;:&quot;Paiement indisponible: Invalid API Key provided: sk_test_****gent&quot;}&#10;assert 500 == 200&#10; +  where 500 = &lt;Response [500]&gt;.status_code">backend/tests/backend_test.py:355: in test_subscription_checkout
    assert r.status_code == 200, r.text
E   AssertionError: {"detail":"Paiement indisponible: Invalid API Key provided: sk_test_****gent"}
E   assert 500 == 200
E    +  where 500 = &lt;Response [500]&gt;.status_code</failure></testcase><testcase classname="tests.backend_test.TestPayments" name="test_sub_forbidden_client" time="0.059" /></testsuite></testsuites>