<?xml version="1.0" encoding="utf-8"?><testsuites name="pytest tests"><testsuite name="pytest" errors="0" failures="0" skipped="0" tests="32" time="4.262" timestamp="2026-07-29T20:13:09.133962+00:00" hostname="agent-env-868fd53e-1f85-41aa-80f4-13c6ad7575b7"><testcase classname="tests.test_rides.TestSeedIdempotency" name="test_seed_runs_twice" time="0.325" /><testcase classname="tests.test_rides.TestSeedIdempotency" name="test_driver_credentials_preserved" time="0.268" /><testcase classname="tests.test_rides.TestCreateRide" name="test_requires_auth" time="0.044" /><testcase classname="tests.test_rides.TestCreateRide" name="test_create_basic_ride" time="0.406" /><testcase classname="tests.test_rides.TestCreateRide" name="test_create_ride_persists_via_get" time="0.051" /><testcase classname="tests.test_rides.TestSearchRides" name="test_search_no_filter_returns_list" time="0.050" /><testcase classname="tests.test_rides.TestSearchRides" name="test_search_by_from_city_case_insensitive" time="0.048" /><testcase classname="tests.test_rides.TestSearchRides" name="test_search_by_date_prefix" time="0.044" /><testcase classname="tests.test_rides.TestSearchRides" name="test_search_distance_type_filter" time="0.093" /><testcase classname="tests.test_rides.TestSearchRides" name="test_search_weekly_recurrence_matches_next_monday" time="0.091" /><testcase classname="tests.test_rides.TestSearchRides" name="test_search_weekly_ride_not_returned_on_wrong_weekday" time="0.046" /><testcase classname="tests.test_rides.TestGetRide" name="test_404_unknown" time="0.049" /><testcase classname="tests.test_rides.TestGetRide" name="test_get_ok" time="0.044" /><testcase classname="tests.test_rides.TestMyRides" name="test_requires_auth" time="0.052" /><testcase classname="tests.test_rides.TestMyRides" name="test_only_current_user_rides" time="0.046" /><testcase classname="tests.test_rides.TestMyRides" name="test_admin_does_not_see_driver_rides" time="0.324" /><testcase classname="tests.test_rides.TestUpdateRide" name="test_non_driver_forbidden" time="0.045" /><testcase classname="tests.test_rides.TestUpdateRide" name="test_driver_can_update_seats_total" time="0.103" /><testcase classname="tests.test_rides.TestUpdateRide" name="test_cancel_status_notifies_passengers" time="0.243" /><testcase classname="tests.test_rides.TestDeleteRide" name="test_delete_soft_cancels" time="0.142" /><testcase classname="tests.test_rides.TestDeleteRide" name="test_delete_forbidden_for_non_driver" time="0.048" /><testcase classname="tests.test_rides.TestBookRide" name="test_driver_cannot_book_own_ride" time="0.097" /><testcase classname="tests.test_rides.TestBookRide" name="test_passenger_books_successfully" time="0.137" /><testcase classname="tests.test_rides.TestBookRide" name="test_book_exceeds_available_seats" time="0.094" /><testcase classname="tests.test_rides.TestBookRide" name="test_book_unknown_ride_returns_404" time="0.046" /><testcase classname="tests.test_rides.TestBookRide" name="test_book_cancelled_ride_returns_404" time="0.148" /><testcase classname="tests.test_rides.TestBookingsMine" name="test_bookings_mine_contains_ride_object" time="0.048" /><testcase classname="tests.test_rides.TestBookingsReceived" name="test_driver_sees_bookings_on_own_rides" time="0.094" /><testcase classname="tests.test_rides.TestBookingsReceived" name="test_non_driver_gets_empty_or_only_own_rides" time="0.048" /><testcase classname="tests.test_rides.TestUpdateBooking" name="test_passenger_cancels_and_seats_restored" time="0.232" /><testcase classname="tests.test_rides.TestUpdateBooking" name="test_driver_can_cancel_booking" time="0.195" /><testcase classname="tests.test_rides.TestUpdateBooking" name="test_third_party_cannot_cancel" time="0.500" /></testsuite></testsuites>