<?xml version="1.0" encoding="utf-8"?><testsuites name="pytest tests"><testsuite name="pytest" errors="0" failures="0" skipped="0" tests="38" time="1.163" timestamp="2026-08-07T00:37:58.439451+00:00" hostname="agent-env-868fd53e-1f85-41aa-80f4-13c6ad7575b7"><testcase classname="tests.test_wallet_v2.TestWalletSnapshotAndHistory" name="test_get_client_wallet" time="0.232" /><testcase classname="tests.test_wallet_v2.TestWalletSnapshotAndHistory" name="test_get_pro_wallet_kind_prestataire" time="0.229" /><testcase classname="tests.test_wallet_v2.TestWalletSnapshotAndHistory" name="test_get_history_paginated" time="0.003" /><testcase classname="tests.test_wallet_v2.TestWalletSnapshotAndHistory" name="test_list_providers" time="0.002" /><testcase classname="tests.test_wallet_v2.TestRecharge" name="test_recharge_valid" time="0.003" /><testcase classname="tests.test_wallet_v2.TestRecharge" name="test_recharge_below_min" time="0.002" /><testcase classname="tests.test_wallet_v2.TestRecharge" name="test_recharge_above_max" time="0.002" /><testcase classname="tests.test_wallet_v2.TestRecharge" name="test_recharge_idempotency" time="0.006" /><testcase classname="tests.test_wallet_v2.TestRecharge" name="test_admin_confirm_recharge_credits_wallet" time="0.243" /><testcase classname="tests.test_wallet_v2.TestWithdrawal" name="test_withdraw_locks_funds" time="0.014" /><testcase classname="tests.test_wallet_v2.TestWithdrawal" name="test_withdraw_insufficient" time="0.005" /><testcase classname="tests.test_wallet_v2.TestWithdrawal" name="test_withdraw_below_min" time="0.003" /><testcase classname="tests.test_wallet_v2.TestWithdrawal" name="test_withdraw_wave_missing_phone" time="0.002" /><testcase classname="tests.test_wallet_v2.TestWithdrawal" name="test_admin_approve_and_mark_paid" time="0.013" /><testcase classname="tests.test_wallet_v2.TestWithdrawal" name="test_admin_refuse_releases_funds" time="0.011" /><testcase classname="tests.test_wallet_v2.TestWithdrawal" name="test_list_my_withdrawals" time="0.004" /><testcase classname="tests.test_wallet_v2.TestCashCommission" name="test_cash_payment_debits_commission" time="0.178" /><testcase classname="tests.test_wallet_v2.TestJokooPro" name="test_status_endpoint" time="0.003" /><testcase classname="tests.test_wallet_v2.TestJokooPro" name="test_client_cannot_subscribe" time="0.002" /><testcase classname="tests.test_wallet_v2.TestJokooPro" name="test_pro_subscribe_flow" time="0.008" /><testcase classname="tests.test_wallet_v2.TestJokooPro" name="test_pro_cancel" time="0.004" /><testcase classname="tests.test_wallet_v2.TestAdminOps" name="test_bonus" time="0.006" /><testcase classname="tests.test_wallet_v2.TestAdminOps" name="test_list_prestataire_wallets" time="0.003" /><testcase classname="tests.test_wallet_v2.TestAdminOps" name="test_get_wallet_and_ledger" time="0.007" /><testcase classname="tests.test_wallet_v2.TestAdminOps" name="test_adjust_credit_and_debit" time="0.011" /><testcase classname="tests.test_wallet_v2.TestAdminOps" name="test_adjust_owner_id_mismatch" time="0.002" /><testcase classname="tests.test_wallet_v2.TestAdminOps" name="test_freeze_and_unfreeze" time="0.009" /><testcase classname="tests.test_wallet_v2.TestAdminOps" name="test_set_min_balance" time="0.003" /><testcase classname="tests.test_wallet_v2.TestAdminOps" name="test_commission_rule_crud" time="0.007" /><testcase classname="tests.test_wallet_v2.TestAdminOps" name="test_settings" time="0.008" /><testcase classname="tests.test_wallet_v2.TestAdminOps" name="test_settings_invalid_key" time="0.002" /><testcase classname="tests.test_wallet_v2.TestAdminOps" name="test_dashboard" time="0.007" /><testcase classname="tests.test_wallet_v2.TestAdminOps" name="test_transactions_list" time="0.007" /><testcase classname="tests.test_wallet_v2.TestAdminOps" name="test_audit_list" time="0.003" /><testcase classname="tests.test_wallet_v2.TestSecurity" name="test_no_token_unauthorized" time="0.008" /><testcase classname="tests.test_wallet_v2.TestSecurity" name="test_client_cannot_access_admin" time="0.002" /><testcase classname="tests.test_wallet_v2.TestSecurity" name="test_user_cannot_view_others_intent" time="0.005" /><testcase classname="tests.test_wallet_v2.TestRefund" name="test_refund_cash_booking_reverses_commission" time="0.040" /></testsuite></testsuites>